TN:
SF:src\components\AprilAvatar.tsx
FN:6,AprilAvatar
FNF:1
FNH:0
FNDA:0,AprilAvatar
DA:7,0
DA:8,0
LF:2
LH:0
BRDA:6,0,0,0
BRF:1
BRH:0
end_of_record
TN:
SF:src\components\EmptyState.tsx
FN:13,EmptyState
FNF:1
FNH:0
FNDA:0,EmptyState
DA:19,0
DA:28,0
LF:2
LH:0
BRDA:14,0,0,0
BRDA:15,1,0,0
BRDA:17,2,0,0
BRDA:20,3,0,0
BRDA:20,3,1,0
BRDA:23,4,0,0
BRDA:23,4,1,0
BRF:7
BRH:0
end_of_record
TN:
SF:src\components\ErrorState.tsx
FN:12,ErrorState
FNF:1
FNH:0
FNDA:0,ErrorState
DA:17,0
DA:30,0
LF:2
LH:0
BRDA:13,0,0,0
BRDA:15,1,0,0
BRDA:18,2,0,0
BRDA:18,2,1,0
BRDA:21,3,0,0
BRDA:21,3,1,0
BRF:6
BRH:0
end_of_record
TN:
SF:src\components\LoadingState.tsx
FN:11,LoadingState
FNF:1
FNH:0
FNDA:0,LoadingState
DA:12,0
DA:20,0
LF:2
LH:0
BRDA:11,0,0,0
BRDA:13,1,0,0
BRDA:13,1,1,0
BRDA:15,2,0,0
BRDA:15,2,1,0
BRF:5
BRH:0
end_of_record
TN:
SF:src\components\MonthCalendar.tsx
FN:19,pad
FN:22,toISO
FN:26,startOfDay
FN:38,MonthCalendar
FN:47,(anonymous_4)
FN:62,(anonymous_5)
FN:66,(anonymous_6)
FN:68,(anonymous_7)
FN:71,(anonymous_8)
FN:74,(anonymous_9)
FN:76,(anonymous_10)
FN:97,(anonymous_11)
FN:106,(anonymous_12)
FN:116,(anonymous_13)
FNF:14
FNH:0
FNDA:0,pad
FNDA:0,toISO
FNDA:0,startOfDay
FNDA:0,MonthCalendar
FNDA:0,(anonymous_4)
FNDA:0,(anonymous_5)
FNDA:0,(anonymous_6)
FNDA:0,(anonymous_7)
FNDA:0,(anonymous_8)
FNDA:0,(anonymous_9)
FNDA:0,(anonymous_10)
FNDA:0,(anonymous_11)
FNDA:0,(anonymous_12)
FNDA:0,(anonymous_13)
DA:13,0
DA:14,0
DA:20,0
DA:23,0
DA:27,0
DA:39,0
DA:40,0
DA:43,0
DA:44,0
DA:45,0
DA:47,0
DA:48,0
DA:49,0
DA:50,0
DA:51,0
DA:52,0
DA:53,0
DA:54,0
DA:59,0
DA:62,0
DA:63,0
DA:64,0
DA:65,0
DA:66,0
DA:68,0
DA:71,0
DA:72,0
DA:73,0
DA:74,0
DA:76,0
DA:80,0
DA:98,0
DA:107,0
DA:108,0
DA:109,0
DA:110,0
DA:111,0
DA:112,0
DA:113,0
DA:116,0
DA:142,0
LF:41
LH:0
BRDA:40,0,0,0
BRDA:40,0,1,0
BRDA:43,1,0,0
BRDA:43,1,1,0
BRDA:59,2,0,0
BRDA:59,2,1,0
BRDA:59,2,2,0
BRDA:63,3,0,0
BRDA:63,3,1,0
BRDA:64,4,0,0
BRDA:64,4,1,0
BRDA:72,5,0,0
BRDA:72,5,1,0
BRDA:84,6,0,0
BRDA:84,6,1,0
BRDA:85,7,0,0
BRDA:85,7,1,0
BRDA:107,8,0,0
BRDA:107,8,1,0
BRDA:116,9,0,0
BRDA:116,9,1,0
BRDA:120,10,0,0
BRDA:120,10,1,0
BRDA:121,11,0,0
BRDA:121,11,1,0
BRDA:121,11,2,0
BRDA:127,12,0,0
BRDA:127,12,1,0
BRDA:128,13,0,0
BRDA:128,13,1,0
BRF:30
BRH:0
end_of_record
TN:
SF:src\components\PickerSheet.tsx
FN:21,PickerField
FN:45,PickerSheet
FN:58,(anonymous_2)
FN:60,(anonymous_3)
FN:63,(anonymous_4)
FNF:5
FNH:0
FNDA:0,PickerField
FNDA:0,PickerSheet
FNDA:0,(anonymous_2)
FNDA:0,(anonymous_3)
FNDA:0,(anonymous_4)
DA:10,0
DA:22,0
DA:46,0
DA:58,0
DA:61,0
DA:62,0
DA:63,0
DA:77,0
LF:8
LH:0
BRDA:25,0,0,0
BRDA:25,0,1,0
BRDA:26,1,0,0
BRDA:26,1,1,0
BRDA:27,2,0,0
BRDA:27,2,1,0
BRDA:27,2,2,0
BRDA:53,3,0,0
BRDA:53,3,1,0
BRDA:54,4,0,0
BRDA:54,4,1,0
BRDA:64,5,0,0
BRDA:64,5,1,0
BRDA:65,6,0,0
BRDA:65,6,1,0
BRF:15
BRH:0
end_of_record
TN:
SF:src\components\ProgressRing.tsx
FN:7,ProgressRing
FNF:1
FNH:0
FNDA:0,ProgressRing
DA:20,0
DA:21,0
DA:22,0
DA:24,0
DA:45,0
LF:5
LH:0
BRDA:9,0,0,0
BRDA:10,1,0,0
BRDA:12,2,0,0
BRF:3
BRH:0
end_of_record
TN:
SF:src\components\Screen.tsx
FN:10,Screen
FNF:1
FNH:0
FNDA:0,Screen
DA:19,0
DA:20,0
DA:27,0
LF:3
LH:0
BRF:0
BRH:0
end_of_record
TN:
SF:src\components\SectionHead.tsx
FN:12,SectionHead
FNF:1
FNH:0
FNDA:0,SectionHead
DA:13,0
DA:25,0
LF:2
LH:0
BRDA:16,0,0,0
BRDA:16,0,1,0
BRF:2
BRH:0
end_of_record
TN:
SF:src\components\TimeField.tsx
FN:23,(anonymous_0)
FN:24,(anonymous_1)
FN:45,WheelColumn
FN:57,(anonymous_3)
FN:57,(anonymous_4)
FN:62,(anonymous_5)
FN:65,(anonymous_6)
FN:68,(anonymous_7)
FN:71,(anonymous_8)
FN:75,(anonymous_9)
FN:99,(anonymous_10)
FN:115,TimeField
FN:120,(anonymous_12)
FN:127,(anonymous_13)
FN:143,(anonymous_14)
FN:149,(anonymous_15)
FN:151,(anonymous_16)
FN:168,(anonymous_17)
FN:176,(anonymous_18)
FN:182,(anonymous_19)
FNF:20
FNH:0
FNDA:0,(anonymous_0)
FNDA:0,(anonymous_1)
FNDA:0,WheelColumn
FNDA:0,(anonymous_3)
FNDA:0,(anonymous_4)
FNDA:0,(anonymous_5)
FNDA:0,(anonymous_6)
FNDA:0,(anonymous_7)
FNDA:0,(anonymous_8)
FNDA:0,(anonymous_9)
FNDA:0,(anonymous_10)
FNDA:0,TimeField
FNDA:0,(anonymous_12)
FNDA:0,(anonymous_13)
FNDA:0,(anonymous_14)
FNDA:0,(anonymous_15)
FNDA:0,(anonymous_16)
FNDA:0,(anonymous_17)
FNDA:0,(anonymous_18)
FNDA:0,(anonymous_19)
DA:23,0
DA:24,0
DA:26,0
DA:27,0
DA:28,0
DA:29,0
DA:32,0
DA:34,0
DA:35,0
DA:54,0
DA:55,0
DA:57,0
DA:58,0
DA:59,0
DA:62,0
DA:63,0
DA:64,0
DA:65,0
DA:66,0
DA:68,0
DA:71,0
DA:72,0
DA:75,0
DA:76,0
DA:77,0
DA:78,0
DA:80,0
DA:81,0
DA:82,0
DA:85,0
DA:100,0
DA:101,0
DA:102,0
DA:116,0
DA:117,0
DA:118,0
DA:120,0
DA:121,0
DA:122,0
DA:123,0
DA:124,0
DA:127,0
DA:128,0
DA:129,0
DA:132,0
DA:143,0
DA:149,0
DA:151,0
DA:168,0
DA:176,0
DA:182,0
DA:196,0
LF:52
LH:0
BRDA:101,0,0,0
BRDA:101,0,1,0
BRDA:101,1,0,0
BRDA:101,1,1,0
BRDA:104,2,0,0
BRDA:104,2,1,0
BRDA:115,3,0,0
BRDA:121,4,0,0
BRDA:121,4,1,0
BRDA:138,5,0,0
BRDA:138,5,1,0
BRDA:139,6,0,0
BRDA:139,6,1,0
BRDA:142,7,0,0
BRDA:142,7,1,0
BRF:15
BRH:0
end_of_record
TN:
SF:src\components\analytics\ProgressionChart.tsx
FN:29,fmtDate
FN:38,toXY
FN:55,ProgressionChart
FN:59,(anonymous_3)
FN:61,(anonymous_4)
FN:65,(anonymous_5)
FN:68,(anonymous_6)
FN:79,(anonymous_7)
FN:90,(anonymous_8)
FN:90,(anonymous_9)
FN:94,(anonymous_10)
FN:95,(anonymous_11)
FN:100,(anonymous_12)
FN:108,(anonymous_13)
FN:109,(anonymous_14)
FN:113,(anonymous_15)
FN:114,(anonymous_16)
FN:137,(anonymous_17)
FN:154,(anonymous_18)
FN:164,(anonymous_19)
FN:167,(anonymous_20)
FN:194,(anonymous_21)
FN:198,(anonymous_22)
FN:218,EmptyProgression
FNF:24
FNH:0
FNDA:0,fmtDate
FNDA:0,toXY
FNDA:0,ProgressionChart
FNDA:0,(anonymous_3)
FNDA:0,(anonymous_4)
FNDA:0,(anonymous_5)
FNDA:0,(anonymous_6)
FNDA:0,(anonymous_7)
FNDA:0,(anonymous_8)
FNDA:0,(anonymous_9)
FNDA:0,(anonymous_10)
FNDA:0,(anonymous_11)
FNDA:0,(anonymous_12)
FNDA:0,(anonymous_13)
FNDA:0,(anonymous_14)
FNDA:0,(anonymous_15)
FNDA:0,(anonymous_16)
FNDA:0,(anonymous_17)
FNDA:0,(anonymous_18)
FNDA:0,(anonymous_19)
FNDA:0,(anonymous_20)
FNDA:0,(anonymous_21)
FNDA:0,(anonymous_22)
FNDA:0,EmptyProgression
DA:14,0
DA:23,0
DA:24,0
DA:25,0
DA:26,0
DA:27,0
DA:30,0
DA:31,0
DA:32,0
DA:34,0
DA:39,0
DA:40,0
DA:41,0
DA:56,0
DA:59,0
DA:60,0
DA:61,0
DA:64,0
DA:65,0
DA:68,0
DA:75,0
DA:76,0
DA:79,0
DA:86,0
DA:89,0
DA:90,0
DA:94,0
DA:95,0
DA:98,0
DA:100,0
DA:103,0
DA:104,0
DA:105,0
DA:106,0
DA:107,0
DA:108,0
DA:109,0
DA:111,0
DA:113,0
DA:114,0
DA:115,0
DA:116,0
DA:118,0
DA:119,0
DA:121,0
DA:123,0
DA:127,0
DA:138,0
DA:139,0
DA:155,0
DA:156,0
DA:165,0
DA:166,0
DA:167,0
DA:169,0
DA:170,0
DA:171,0
DA:195,0
DA:196,0
DA:197,0
DA:198,0
DA:219,0
DA:228,0
LF:63
LH:0
BRDA:61,0,0,0
BRDA:61,0,1,0
BRDA:64,1,0,0
BRDA:64,1,1,0
BRDA:69,2,0,0
BRDA:69,2,1,0
BRDA:75,3,0,0
BRDA:75,3,1,0
BRDA:80,4,0,0
BRDA:80,4,1,0
BRDA:98,5,0,0
BRDA:98,5,1,0
BRDA:103,6,0,0
BRDA:103,6,1,0
BRDA:109,7,0,0
BRDA:109,7,1,0
BRDA:116,8,0,0
BRDA:116,8,1,0
BRDA:118,9,0,0
BRDA:118,9,1,0
BRDA:130,10,0,0
BRDA:130,10,1,0
BRDA:144,11,0,0
BRDA:144,11,1,0
BRDA:165,12,0,0
BRDA:165,12,1,0
BRDA:192,13,0,0
BRDA:192,13,1,0
BRDA:196,14,0,0
BRDA:196,14,1,0
BRDA:199,15,0,0
BRDA:199,15,1,0
BRDA:200,16,0,0
BRDA:200,16,1,0
BRDA:203,17,0,0
BRDA:203,17,1,0
BRDA:206,18,0,0
BRDA:206,18,1,0
BRF:38
BRH:0
end_of_record
TN:
SF:src\components\analytics\SpiderChart.tsx
FN:28,polar
FN:32,SpiderChart
FN:45,(anonymous_2)
FN:48,(anonymous_3)
FN:54,(anonymous_4)
FN:58,(anonymous_5)
FN:78,(anonymous_6)
FN:89,(anonymous_7)
FN:112,(anonymous_8)
FN:120,(anonymous_9)
FN:120,(anonymous_10)
FN:130,(anonymous_11)
FN:147,(anonymous_12)
FNF:13
FNH:0
FNDA:0,polar
FNDA:0,SpiderChart
FNDA:0,(anonymous_2)
FNDA:0,(anonymous_3)
FNDA:0,(anonymous_4)
FNDA:0,(anonymous_5)
FNDA:0,(anonymous_6)
FNDA:0,(anonymous_7)
FNDA:0,(anonymous_8)
FNDA:0,(anonymous_9)
FNDA:0,(anonymous_10)
FNDA:0,(anonymous_11)
FNDA:0,(anonymous_12)
DA:23,0
DA:24,0
DA:25,0
DA:26,0
DA:29,0
DA:33,0
DA:34,0
DA:35,0
DA:36,0
DA:37,0
DA:38,0
DA:40,0
DA:42,0
DA:45,0
DA:46,0
DA:47,0
DA:48,0
DA:53,0
DA:54,0
DA:58,0
DA:59,0
DA:60,0
DA:61,0
DA:64,0
DA:65,0
DA:66,0
DA:69,0
DA:71,0
DA:74,0
DA:79,0
DA:90,0
DA:113,0
DA:114,0
DA:120,0
DA:121,0
DA:122,0
DA:131,0
DA:148,0
DA:149,0
DA:150,0
DA:165,0
LF:41
LH:0
BRDA:34,0,0,0
BRDA:34,0,1,0
BRDA:40,1,0,0
BRDA:40,1,1,0
BRDA:65,2,0,0
BRDA:65,2,1,0
BRDA:65,3,0,0
BRDA:65,3,1,0
BRDA:66,4,0,0
BRDA:66,4,1,0
BRDA:66,5,0,0
BRDA:66,5,1,0
BRDA:69,6,0,0
BRDA:69,6,1,0
BRDA:149,7,0,0
BRDA:149,7,1,0
BRDA:149,8,0,0
BRDA:149,8,1,0
BRDA:154,9,0,0
BRDA:154,9,1,0
BRF:20
BRH:0
end_of_record
TN:
SF:src\components\chat\ChatElementRenderer.tsx
FN:22,ChatElementRenderer
FN:25,(anonymous_1)
FN:291,DifficultWordWidget
FN:300,(anonymous_3)
FN:309,(anonymous_4)
FN:317,(anonymous_5)
FN:335,MCQWidget
FN:340,(anonymous_7)
FN:361,(anonymous_8)
FN:384,(anonymous_9)
FN:414,TextAnswerWidget
FN:427,(anonymous_11)
FNF:12
FNH:0
FNDA:0,ChatElementRenderer
FNDA:0,(anonymous_1)
FNDA:0,DifficultWordWidget
FNDA:0,(anonymous_3)
FNDA:0,(anonymous_4)
FNDA:0,(anonymous_5)
FNDA:0,MCQWidget
FNDA:0,(anonymous_7)
FNDA:0,(anonymous_8)
FNDA:0,(anonymous_9)
FNDA:0,TextAnswerWidget
FNDA:0,(anonymous_11)
DA:23,0
DA:26,0
DA:28,0
DA:29,0
DA:36,0
DA:37,0
DA:38,0
DA:47,0
DA:48,0
DA:94,0
DA:107,0
DA:108,0
DA:109,0
DA:110,0
DA:157,0
DA:170,0
DA:171,0
DA:178,0
DA:179,0
DA:183,0
DA:201,0
DA:202,0
DA:205,0
DA:206,0
DA:209,0
DA:210,0
DA:213,0
DA:214,0
DA:226,0
DA:227,0
DA:228,0
DA:239,0
DA:240,0
DA:252,0
DA:257,0
DA:271,0
DA:272,0
DA:283,0
DA:292,0
DA:293,0
DA:294,0
DA:300,0
DA:310,0
DA:317,0
DA:336,0
DA:337,0
DA:338,0
DA:340,0
DA:341,0
DA:342,0
DA:343,0
DA:344,0
DA:345,0
DA:346,0
DA:351,0
DA:353,0
DA:357,0
DA:362,0
DA:363,0
DA:364,0
DA:366,0
DA:367,0
DA:369,0
DA:370,0
DA:371,0
DA:373,0
DA:374,0
DA:376,0
DA:377,0
DA:380,0
DA:384,0
DA:415,0
DA:416,0
DA:417,0
DA:419,0
DA:421,0
DA:427,0
DA:428,0
DA:429,0
DA:430,0
DA:431,0
DA:437,0
DA:439,0
DA:441,0
DA:447,0
DA:455,0
DA:457,0
DA:492,0
DA:705,0
LF:89
LH:0
BRDA:22,0,0,0
BRDA:26,1,0,0
BRDA:26,1,1,0
BRDA:30,2,0,0
BRDA:30,2,1,0
BRDA:36,3,0,0
BRDA:36,3,1,0
BRDA:37,4,0,0
BRDA:37,4,1,0
BRDA:41,5,0,0
BRDA:41,5,1,0
BRDA:47,6,0,0
BRDA:47,6,1,0
BRDA:88,7,0,0
BRDA:88,7,1,0
BRDA:95,8,0,0
BRDA:95,8,1,0
BRDA:107,9,0,0
BRDA:107,9,1,0
BRDA:108,10,0,0
BRDA:108,10,1,0
BRDA:109,11,0,0
BRDA:109,11,1,0
BRDA:158,12,0,0
BRDA:158,12,1,0
BRDA:170,13,0,0
BRDA:170,13,1,0
BRDA:172,14,0,0
BRDA:172,14,1,0
BRDA:173,15,0,0
BRDA:173,15,1,0
BRDA:173,15,2,0
BRDA:178,16,0,0
BRDA:178,16,1,0
BRDA:178,17,0,0
BRDA:178,17,1,0
BRDA:179,18,0,0
BRDA:179,18,1,0
BRDA:181,19,0,0
BRDA:181,19,1,0
BRDA:181,20,0,0
BRDA:181,20,1,0
BRDA:184,21,0,0
BRDA:184,21,1,0
BRDA:186,22,0,0
BRDA:186,22,1,0
BRDA:188,23,0,0
BRDA:188,23,1,0
BRDA:201,24,0,0
BRDA:201,24,1,0
BRDA:205,25,0,0
BRDA:205,25,1,0
BRDA:209,26,0,0
BRDA:209,26,1,0
BRDA:213,27,0,0
BRDA:213,27,1,0
BRDA:217,28,0,0
BRDA:217,28,1,0
BRDA:226,29,0,0
BRDA:226,29,1,0
BRDA:227,30,0,0
BRDA:227,30,1,0
BRDA:231,31,0,0
BRDA:231,31,1,0
BRDA:239,32,0,0
BRDA:239,32,1,0
BRDA:243,33,0,0
BRDA:243,33,1,0
BRDA:244,34,0,0
BRDA:244,34,1,0
BRDA:245,35,0,0
BRDA:245,35,1,0
BRDA:252,36,0,0
BRDA:252,36,1,0
BRDA:253,37,0,0
BRDA:253,37,1,0
BRDA:253,37,2,0
BRDA:261,38,0,0
BRDA:261,38,1,0
BRDA:262,39,0,0
BRDA:262,39,1,0
BRDA:271,40,0,0
BRDA:271,40,1,0
BRDA:276,41,0,0
BRDA:276,41,1,0
BRDA:293,42,0,0
BRDA:293,42,1,0
BRDA:302,43,0,0
BRDA:302,43,1,0
BRDA:305,44,0,0
BRDA:305,44,1,0
BRDA:307,45,0,0
BRDA:307,45,1,0
BRDA:307,46,0,0
BRDA:307,46,1,0
BRDA:316,47,0,0
BRDA:316,47,1,0
BRDA:341,48,0,0
BRDA:341,48,1,0
BRDA:341,49,0,0
BRDA:341,49,1,0
BRDA:341,49,2,0
BRDA:341,49,3,0
BRDA:363,50,0,0
BRDA:363,50,1,0
BRDA:363,50,2,0
BRDA:364,51,0,0
BRDA:364,51,1,0
BRDA:364,51,2,0
BRDA:369,52,0,0
BRDA:369,52,1,0
BRDA:373,53,0,0
BRDA:373,53,1,0
BRDA:376,54,0,0
BRDA:376,54,1,0
BRDA:385,55,0,0
BRDA:385,55,1,0
BRDA:385,55,2,0
BRDA:390,56,0,0
BRDA:390,56,1,0
BRDA:391,57,0,0
BRDA:391,57,1,0
BRDA:397,58,0,0
BRDA:397,58,1,0
BRDA:421,59,0,0
BRDA:421,59,1,0
BRDA:423,60,0,0
BRDA:423,60,1,0
BRDA:428,61,0,0
BRDA:428,61,1,0
BRDA:428,62,0,0
BRDA:428,62,1,0
BRDA:428,62,2,0
BRDA:428,62,3,0
BRDA:428,62,4,0
BRDA:447,63,0,0
BRDA:447,63,1,0
BRDA:449,64,0,0
BRDA:449,64,1,0
BRDA:450,65,0,0
BRDA:450,65,1,0
BRDA:455,66,0,0
BRDA:455,66,1,0
BRDA:455,67,0,0
BRDA:455,67,1,0
BRDA:455,67,2,0
BRDA:459,68,0,0
BRDA:459,68,1,0
BRDA:462,69,0,0
BRDA:462,69,1,0
BRDA:467,70,0,0
BRDA:467,70,1,0
BRDA:467,70,2,0
BRDA:469,71,0,0
BRDA:469,71,1,0
BRDA:470,72,0,0
BRDA:470,72,1,0
BRDA:473,73,0,0
BRDA:473,73,1,0
BRDA:473,73,2,0
BRDA:473,73,3,0
BRDA:475,74,0,0
BRDA:475,74,1,0
BRDA:475,74,2,0
BRDA:475,74,3,0
BRDA:478,75,0,0
BRDA:478,75,1,0
BRDA:485,76,0,0
BRDA:485,76,1,0
BRF:169
BRH:0
end_of_record
TN:
SF:src\components\chat\ChatHeader.tsx
FN:18,ChatHeader
FN:24,(anonymous_1)
FN:73,capitalize
FNF:3
FNH:0
FNDA:0,ChatHeader
FNDA:0,(anonymous_1)
FNDA:0,capitalize
DA:9,0
DA:19,0
DA:21,0
DA:24,0
DA:74,0
DA:77,0
LF:6
LH:0
BRDA:18,0,0,0
BRDA:43,1,0,0
BRDA:43,1,1,0
BRDA:49,2,0,0
BRDA:49,2,1,0
BRDA:55,3,0,0
BRDA:55,3,1,0
BRDA:58,4,0,0
BRDA:58,4,1,0
BRDA:64,5,0,0
BRDA:64,5,1,0
BRF:11
BRH:0
end_of_record
TN:
SF:src\components\chat\ChatInput.tsx
FN:11,ChatInput
FN:14,(anonymous_1)
FNF:2
FNH:2
FNDA:6,ChatInput
FNDA:2,(anonymous_1)
DA:12,6
DA:14,6
DA:15,2
DA:16,1
DA:17,1
DA:20,6
DA:22,6
DA:54,1
LF:8
LH:8
BRDA:11,0,0,5
BRDA:15,1,0,1
BRDA:15,1,1,1
BRDA:15,2,0,2
BRDA:15,2,1,1
BRDA:38,3,0,6
BRDA:38,3,1,1
BRDA:38,3,2,5
BRDA:40,4,0,6
BRDA:40,4,1,1
BRDA:42,5,0,1
BRDA:42,5,1,5
BRF:12
BRH:12
end_of_record
TN:
SF:src\components\chat\FigureView.tsx
FN:10,FigureView
FN:17,(anonymous_1)
FN:20,loadAuthSource
FN:48,(anonymous_3)
FN:75,(anonymous_4)
FN:76,(anonymous_5)
FNF:6
FNH:0
FNDA:0,FigureView
FNDA:0,(anonymous_1)
FNDA:0,loadAuthSource
FNDA:0,(anonymous_3)
FNDA:0,(anonymous_4)
FNDA:0,(anonymous_5)
DA:11,0
DA:12,0
DA:13,0
DA:15,0
DA:17,0
DA:18,0
DA:21,0
DA:22,0
DA:23,0
DA:25,0
DA:27,0
DA:28,0
DA:29,0
DA:30,0
DA:33,0
DA:41,0
DA:42,0
DA:43,0
DA:47,0
DA:48,0
DA:49,0
DA:53,0
DA:54,0
DA:61,0
DA:62,0
DA:69,0
DA:75,0
DA:76,0
DA:87,0
LF:29
LH:0
BRDA:15,0,0,0
BRDA:15,0,1,0
BRDA:25,1,0,0
BRDA:25,1,1,0
BRDA:27,2,0,0
BRDA:27,2,1,0
BRDA:37,3,0,0
BRDA:37,3,1,0
BRDA:53,4,0,0
BRDA:53,4,1,0
BRDA:61,5,0,0
BRDA:61,5,1,0
BRDA:78,6,0,0
BRDA:78,6,1,0
BRF:14
BRH:0
end_of_record
TN:
SF:src\components\chat\MathWidget.tsx
FN:12,MathWidget
FNF:1
FNH:0
FNDA:0,MathWidget
DA:13,0
DA:14,0
DA:23,0
DA:50,0
DA:73,0
LF:5
LH:0
BRDA:12,0,0,0
BRDA:13,1,0,0
BRDA:13,1,1,0
BRDA:15,2,0,0
BRDA:15,2,1,0
BRDA:18,3,0,0
BRDA:18,3,1,0
BRDA:51,4,0,0
BRDA:51,4,1,0
BRDA:63,5,0,0
BRDA:63,5,1,0
BRF:11
BRH:0
end_of_record
TN:
SF:src\components\chat\MessageBubble.tsx
FN:26,cleanContent
FN:35,MessageBubble
FN:40,(anonymous_2)
FN:72,PulsingText
FN:75,(anonymous_4)
FN:83,(anonymous_5)
FNF:6
FNH:0
FNDA:0,cleanContent
FNDA:0,MessageBubble
FNDA:0,(anonymous_2)
FNDA:0,PulsingText
FNDA:0,(anonymous_4)
FNDA:0,(anonymous_5)
DA:18,0
DA:27,0
DA:36,0
DA:37,0
DA:38,0
DA:39,0
DA:40,0
DA:44,0
DA:73,0
DA:75,0
DA:76,0
DA:82,0
DA:83,0
DA:86,0
DA:93,0
DA:150,0
LF:16
LH:0
BRDA:37,0,0,0
BRDA:37,0,1,0
BRDA:37,0,2,0
BRDA:37,0,3,0
BRDA:38,1,0,0
BRDA:38,1,1,0
BRDA:38,1,2,0
BRDA:38,1,3,0
BRDA:40,2,0,0
BRDA:40,2,1,0
BRDA:45,3,0,0
BRDA:45,3,1,0
BRDA:46,4,0,0
BRDA:46,4,1,0
BRDA:52,5,0,0
BRDA:52,5,1,0
BRDA:52,6,0,0
BRDA:52,6,1,0
BRDA:52,6,2,0
BRDA:53,7,0,0
BRDA:53,7,1,0
BRDA:53,8,0,0
BRDA:53,8,1,0
BRDA:55,9,0,0
BRDA:55,9,1,0
BRDA:57,10,0,0
BRDA:57,10,1,0
BRDA:61,11,0,0
BRDA:61,11,1,0
BRF:29
BRH:0
end_of_record
TN:
SF:src\components\chat\SessionsSheet.tsx
FN:24,SessionsSheet
FN:33,(anonymous_1)
FN:45,(anonymous_2)
FN:48,(anonymous_3)
FN:62,(anonymous_4)
FN:88,resolveVisualKey
FN:98,formatRelativeTime
FNF:7
FNH:0
FNDA:0,SessionsSheet
FNDA:0,(anonymous_1)
FNDA:0,(anonymous_2)
FNDA:0,(anonymous_3)
FNDA:0,(anonymous_4)
FNDA:0,resolveVisualKey
FNDA:0,formatRelativeTime
DA:13,0
DA:25,0
DA:33,0
DA:45,0
DA:49,0
DA:50,0
DA:56,0
DA:58,0
DA:59,0
DA:62,0
DA:89,0
DA:90,0
DA:91,0
DA:92,0
DA:93,0
DA:94,0
DA:95,0
DA:99,0
DA:100,0
DA:101,0
DA:102,0
DA:103,0
DA:104,0
DA:105,0
DA:106,0
DA:108,0
DA:112,0
LF:27
LH:0
BRDA:40,0,0,0
BRDA:40,0,1,0
BRDA:45,1,0,0
BRDA:45,1,1,0
BRDA:49,2,0,0
BRDA:49,2,1,0
BRDA:50,3,0,0
BRDA:50,3,1,0
BRDA:54,4,0,0
BRDA:54,4,1,0
BRDA:58,5,0,0
BRDA:58,5,1,0
BRDA:58,5,2,0
BRDA:61,6,0,0
BRDA:61,6,1,0
BRDA:68,7,0,0
BRDA:68,7,1,0
BRDA:69,8,0,0
BRDA:69,8,1,0
BRDA:73,9,0,0
BRDA:73,9,1,0
BRDA:76,10,0,0
BRDA:76,10,1,0
BRDA:89,11,0,0
BRDA:89,11,1,0
BRDA:91,12,0,0
BRDA:91,12,1,0
BRDA:92,13,0,0
BRDA:92,13,1,0
BRDA:93,14,0,0
BRDA:93,14,1,0
BRDA:94,15,0,0
BRDA:94,15,1,0
BRDA:102,16,0,0
BRDA:102,16,1,0
BRDA:103,17,0,0
BRDA:103,17,1,0
BRDA:105,18,0,0
BRDA:105,18,1,0
BRF:39
BRH:0
end_of_record
TN:
SF:src\components\chat\TypingIndicator.tsx
FN:5,TypingIndicator
FN:8,(anonymous_1)
FN:9,(anonymous_2)
FN:18,(anonymous_3)
FN:19,(anonymous_4)
FN:19,(anonymous_5)
FN:25,(anonymous_6)
FNF:7
FNH:0
FNDA:0,TypingIndicator
FNDA:0,(anonymous_1)
FNDA:0,(anonymous_2)
FNDA:0,(anonymous_3)
FNDA:0,(anonymous_4)
FNDA:0,(anonymous_5)
FNDA:0,(anonymous_6)
DA:6,0
DA:8,0
DA:9,0
DA:10,0
DA:18,0
DA:19,0
DA:22,0
DA:26,0
DA:36,0
LF:9
LH:0
BRF:0
BRH:0
end_of_record
TN:
SF:src\components\chat\VisualBlock.tsx
FN:13,VisualBlock
FNF:1
FNH:0
FNDA:0,VisualBlock
DA:14,0
DA:16,0
DA:43,0
LF:3
LH:0
BRDA:14,0,0,0
BRDA:14,0,1,0
BRDA:18,1,0,0
BRDA:18,1,1,0
BRDA:20,2,0,0
BRDA:20,2,1,0
BRDA:23,3,0,0
BRDA:23,3,1,0
BRDA:28,4,0,0
BRDA:28,4,1,0
BRDA:34,5,0,0
BRDA:34,5,1,0
BRF:12
BRH:0
end_of_record
TN:
SF:src\components\chat\VisualCard.tsx
FN:22,VisualCard
FN:26,(anonymous_1)
FN:35,(anonymous_2)
FN:46,(anonymous_3)
FN:67,(anonymous_4)
FN:70,(anonymous_5)
FN:72,(anonymous_6)
FNF:7
FNH:0
FNDA:0,VisualCard
FNDA:0,(anonymous_1)
FNDA:0,(anonymous_2)
FNDA:0,(anonymous_3)
FNDA:0,(anonymous_4)
FNDA:0,(anonymous_5)
FNDA:0,(anonymous_6)
DA:4,0
DA:15,0
DA:23,0
DA:24,0
DA:26,0
DA:27,0
DA:35,0
DA:46,0
DA:47,0
DA:54,0
DA:67,0
DA:70,0
DA:72,0
DA:84,0
LF:14
LH:0
BRDA:24,0,0,0
BRDA:24,0,1,0
BRDA:35,1,0,0
BRDA:35,1,1,0
BRDA:40,2,0,0
BRDA:40,2,1,0
BRDA:49,3,0,0
BRDA:49,3,1,0
BRF:8
BRH:0
end_of_record
TN:
SF:src\components\chat\english\KaraokeView.tsx
FN:28,KaraokeView
FN:38,(anonymous_1)
FN:45,(anonymous_2)
FN:107,PulseDot
FN:109,(anonymous_4)
FN:121,(anonymous_5)
FNF:6
FNH:0
FNDA:0,KaraokeView
FNDA:0,(anonymous_1)
FNDA:0,(anonymous_2)
FNDA:0,PulseDot
FNDA:0,(anonymous_4)
FNDA:0,(anonymous_5)
DA:22,0
DA:23,0
DA:24,0
DA:25,0
DA:26,0
DA:29,0
DA:30,0
DA:31,0
DA:32,0
DA:34,0
DA:35,0
DA:36,0
DA:38,0
DA:39,0
DA:40,0
DA:41,0
DA:42,0
DA:45,0
DA:46,0
DA:47,0
DA:50,0
DA:108,0
DA:109,0
DA:110,0
DA:111,0
DA:112,0
DA:114,0
DA:120,0
DA:121,0
DA:123,0
DA:126,0
LF:31
LH:0
BRDA:32,0,0,0
BRDA:32,0,1,0
BRDA:34,1,0,0
BRDA:34,1,1,0
BRDA:35,2,0,0
BRDA:35,2,1,0
BRDA:36,3,0,0
BRDA:36,3,1,0
BRDA:39,4,0,0
BRDA:39,4,1,0
BRDA:40,5,0,0
BRDA:40,5,1,0
BRDA:41,6,0,0
BRDA:41,6,1,0
BRDA:56,7,0,0
BRDA:56,7,1,0
BRDA:56,8,0,0
BRDA:56,8,1,0
BRDA:57,9,0,0
BRDA:57,9,1,0
BRDA:60,10,0,0
BRDA:60,10,1,0
BRDA:60,10,2,0
BRDA:60,10,3,0
BRDA:67,11,0,0
BRDA:67,11,1,0
BRDA:67,12,0,0
BRDA:67,12,1,0
BRDA:70,13,0,0
BRDA:70,13,1,0
BRDA:72,14,0,0
BRDA:72,14,1,0
BRDA:84,15,0,0
BRDA:84,15,1,0
BRDA:84,15,2,0
BRDA:84,15,3,0
BRDA:84,15,4,0
BRDA:91,16,0,0
BRDA:91,16,1,0
BRDA:95,17,0,0
BRDA:95,17,1,0
BRDA:97,18,0,0
BRDA:97,18,1,0
BRDA:110,19,0,0
BRDA:110,19,1,0
BRF:45
BRH:0
end_of_record
TN:
SF:src\components\chat\english\RecordingSheet.tsx
FN:26,RecordingSheet
FN:37,(anonymous_1)
FN:79,RecordingActive
FN:81,(anonymous_3)
FN:89,(anonymous_4)
FN:100,(anonymous_5)
FN:108,ResultCard
FN:130,Metric
FNF:8
FNH:0
FNDA:0,RecordingSheet
FNDA:0,(anonymous_1)
FNDA:0,RecordingActive
FNDA:0,(anonymous_3)
FNDA:0,(anonymous_4)
FNDA:0,(anonymous_5)
FNDA:0,ResultCard
FNDA:0,Metric
DA:24,0
DA:27,0
DA:30,0
DA:37,0
DA:39,0
DA:80,0
DA:81,0
DA:82,0
DA:88,0
DA:89,0
DA:92,0
DA:100,0
DA:110,0
DA:111,0
DA:112,0
DA:114,0
DA:131,0
DA:139,0
LF:18
LH:0
BRDA:30,0,0,0
BRDA:30,0,1,0
BRDA:30,0,2,0
BRDA:30,0,3,0
BRDA:30,0,4,0
BRDA:30,0,5,0
BRDA:46,1,0,0
BRDA:46,1,1,0
BRDA:46,1,2,0
BRDA:50,2,0,0
BRDA:50,2,1,0
BRDA:50,2,2,0
BRDA:54,3,0,0
BRDA:54,3,1,0
BRDA:59,4,0,0
BRDA:59,4,1,0
BRDA:59,4,2,0
BRDA:63,5,0,0
BRDA:63,5,1,0
BRDA:66,6,0,0
BRDA:66,6,1,0
BRDA:94,7,0,0
BRDA:94,7,1,0
BRDA:98,8,0,0
BRDA:98,8,1,0
BRDA:99,9,0,0
BRDA:99,9,1,0
BRDA:110,10,0,0
BRDA:110,10,1,0
BRDA:111,11,0,0
BRDA:111,11,1,0
BRDA:112,12,0,0
BRDA:112,12,1,0
BRDA:118,13,0,0
BRDA:118,13,1,0
BRDA:119,14,0,0
BRDA:119,14,1,0
BRDA:120,15,0,0
BRDA:120,15,1,0
BRDA:122,16,0,0
BRDA:122,16,1,0
BRF:41
BRH:0
end_of_record
TN:
SF:src\components\chat\interactive\InteractiveBlock.tsx
FN:16,Fallback
FN:33,InteractiveBlock
FNF:2
FNH:0
FNDA:0,Fallback
FNDA:0,InteractiveBlock
DA:17,0
DA:34,0
DA:35,0
DA:38,0
DA:39,0
DA:40,0
DA:43,0
DA:45,0
DA:58,0
LF:9
LH:0
BRDA:20,0,0,0
BRDA:20,0,1,0
BRDA:34,1,0,0
BRDA:34,1,1,0
BRDA:34,2,0,0
BRDA:34,2,1,0
BRDA:39,3,0,0
BRDA:39,3,1,0
BRDA:40,4,0,0
BRDA:40,4,1,0
BRDA:40,5,0,0
BRDA:40,5,1,0
BRDA:43,6,0,0
BRDA:43,6,1,0
BRDA:43,6,2,0
BRDA:50,7,0,0
BRDA:50,7,1,0
BRF:17
BRH:0
end_of_record
TN:
SF:src\components\chat\interactive\registry.ts
FNF:0
FNH:0
DA:28,0
LF:1
LH:0
BRF:0
BRH:0
end_of_record
TN:
SF:src\components\chat\interactive\types.ts
FNF:0
FNH:0
DA:11,0
DA:24,0
LF:2
LH:0
BRF:0
BRH:0
end_of_record
TN:
SF:src\components\chat\interactive\blocks\AngleTool.tsx
FN:11,AngleTool
FN:54,(anonymous_1)
FN:62,(anonymous_2)
FNF:3
FNH:0
FNDA:0,AngleTool
FNDA:0,(anonymous_1)
FNDA:0,(anonymous_2)
DA:12,0
DA:13,0
DA:14,0
DA:16,0
DA:18,0
DA:20,0
DA:21,0
DA:22,0
DA:24,0
DA:25,0
DA:26,0
DA:27,0
DA:29,0
DA:30,0
DA:31,0
DA:32,0
DA:33,0
DA:35,0
DA:54,0
DA:62,0
DA:70,0
LF:21
LH:0
BRDA:12,0,0,0
BRDA:12,0,1,0
BRDA:13,1,0,0
BRDA:13,1,1,0
BRDA:13,1,2,0
BRDA:14,2,0,0
BRDA:14,2,1,0
BRDA:33,3,0,0
BRDA:33,3,1,0
BRDA:54,4,0,0
BRDA:54,4,1,0
BRDA:54,4,2,0
BRDA:56,5,0,0
BRDA:56,5,1,0
BRF:14
BRH:0
end_of_record
TN:
SF:src\components\chat\interactive\blocks\AreaModel.tsx
FN:9,AreaModel
FN:20,(anonymous_1)
FN:22,(anonymous_2)
FN:22,(anonymous_3)
FN:28,(anonymous_4)
FN:32,(anonymous_5)
FN:40,(anonymous_6)
FN:40,(anonymous_7)
FNF:8
FNH:0
FNDA:0,AreaModel
FNDA:0,(anonymous_1)
FNDA:0,(anonymous_2)
FNDA:0,(anonymous_3)
FNDA:0,(anonymous_4)
FNDA:0,(anonymous_5)
FNDA:0,(anonymous_6)
FNDA:0,(anonymous_7)
DA:10,0
DA:11,0
DA:12,0
DA:13,0
DA:14,0
DA:16,0
DA:18,0
DA:20,0
DA:21,0
DA:22,0
DA:25,0
DA:29,0
DA:32,0
DA:40,0
DA:48,0
LF:15
LH:0
BRDA:10,0,0,0
BRDA:10,0,1,0
BRDA:11,1,0,0
BRDA:11,1,1,0
BRDA:12,2,0,0
BRDA:12,2,1,0
BRDA:13,3,0,0
BRDA:13,3,1,0
BRDA:14,4,0,0
BRDA:14,4,1,0
BRDA:21,5,0,0
BRDA:21,5,1,0
BRDA:21,6,0,0
BRDA:21,6,1,0
BRDA:22,7,0,0
BRDA:22,7,1,0
BRDA:31,8,0,0
BRDA:31,8,1,0
BRDA:37,9,0,0
BRDA:37,9,1,0
BRF:20
BRH:0
end_of_record
TN:
SF:src\components\chat\interactive\blocks\ArrayBuilder.tsx
FN:11,ArrayBuilder
FN:33,(anonymous_1)
FN:41,(anonymous_2)
FN:48,(anonymous_3)
FN:49,(anonymous_4)
FN:63,(anonymous_5)
FNF:6
FNH:0
FNDA:0,ArrayBuilder
FNDA:0,(anonymous_1)
FNDA:0,(anonymous_2)
FNDA:0,(anonymous_3)
FNDA:0,(anonymous_4)
FNDA:0,(anonymous_5)
DA:12,0
DA:13,0
DA:14,0
DA:15,0
DA:17,0
DA:18,0
DA:20,0
DA:22,0
DA:23,0
DA:24,0
DA:26,0
DA:33,0
DA:41,0
DA:49,0
DA:50,0
DA:63,0
DA:71,0
LF:17
LH:0
BRDA:12,0,0,0
BRDA:12,0,1,0
BRDA:13,1,0,0
BRDA:13,1,1,0
BRDA:14,2,0,0
BRDA:14,2,1,0
BRDA:15,3,0,0
BRDA:15,3,1,0
BRDA:33,4,0,0
BRDA:33,4,1,0
BRDA:33,4,2,0
BRDA:35,5,0,0
BRDA:35,5,1,0
BRDA:41,6,0,0
BRDA:41,6,1,0
BRDA:41,6,2,0
BRDA:43,7,0,0
BRDA:43,7,1,0
BRF:18
BRH:0
end_of_record
TN:
SF:src\components\chat\interactive\blocks\BalanceScale.tsx
FN:10,BalanceScale
FN:19,(anonymous_1)
FN:20,(anonymous_2)
FN:30,(anonymous_3)
FN:31,(anonymous_4)
FN:53,(anonymous_5)
FN:53,(anonymous_6)
FN:59,(anonymous_7)
FN:59,(anonymous_8)
FN:66,(anonymous_9)
FNF:10
FNH:0
FNDA:0,BalanceScale
FNDA:0,(anonymous_1)
FNDA:0,(anonymous_2)
FNDA:0,(anonymous_3)
FNDA:0,(anonymous_4)
FNDA:0,(anonymous_5)
FNDA:0,(anonymous_6)
FNDA:0,(anonymous_7)
FNDA:0,(anonymous_8)
FNDA:0,(anonymous_9)
DA:11,0
DA:12,0
DA:13,0
DA:15,0
DA:17,0
DA:19,0
DA:20,0
DA:21,0
DA:22,0
DA:23,0
DA:25,0
DA:26,0
DA:27,0
DA:28,0
DA:30,0
DA:31,0
DA:33,0
DA:53,0
DA:59,0
DA:66,0
DA:74,0
LF:21
LH:0
BRDA:11,0,0,0
BRDA:11,0,1,0
BRDA:12,1,0,0
BRDA:12,1,1,0
BRDA:13,2,0,0
BRDA:13,2,1,0
BRDA:19,3,0,0
BRDA:19,3,1,0
BRDA:19,4,0,0
BRDA:19,4,1,0
BRDA:19,5,0,0
BRDA:19,5,1,0
BRDA:20,6,0,0
BRDA:20,6,1,0
BRDA:20,7,0,0
BRDA:20,7,1,0
BRDA:20,8,0,0
BRDA:20,8,1,0
BRDA:23,9,0,0
BRDA:23,9,1,0
BRDA:31,10,0,0
BRDA:31,10,1,0
BRDA:31,11,0,0
BRDA:31,11,1,0
BRDA:31,12,0,0
BRDA:31,12,1,0
BRDA:31,13,0,0
BRDA:31,13,1,0
BRDA:46,14,0,0
BRDA:46,14,1,0
BRDA:49,15,0,0
BRDA:49,15,1,0
BRDA:53,16,0,0
BRDA:53,16,1,0
BRDA:53,16,2,0
BRDA:59,17,0,0
BRDA:59,17,1,0
BRDA:59,17,2,0
BRF:38
BRH:0
end_of_record
TN:
SF:src\components\chat\interactive\blocks\BarModel.tsx
FN:10,BarModel
FN:21,(anonymous_1)
FN:50,(anonymous_2)
FNF:3
FNH:0
FNDA:0,BarModel
FNDA:0,(anonymous_1)
FNDA:0,(anonymous_2)
DA:11,0
DA:12,0
DA:13,0
DA:14,0
DA:16,0
DA:17,0
DA:19,0
DA:21,0
DA:22,0
DA:23,0
DA:24,0
DA:27,0
DA:28,0
DA:30,0
DA:50,0
DA:58,0
LF:16
LH:0
BRDA:11,0,0,0
BRDA:11,0,1,0
BRDA:12,1,0,0
BRDA:12,1,1,0
BRDA:13,2,0,0
BRDA:13,2,1,0
BRDA:22,3,0,0
BRDA:22,3,1,0
BRDA:22,4,0,0
BRDA:22,4,1,0
BRDA:45,5,0,0
BRDA:45,5,1,0
BRF:12
BRH:0
end_of_record
TN:
SF:src\components\chat\interactive\blocks\BaseTenBlocks.tsx
FN:9,BaseTenBlocks
FN:22,(anonymous_1)
FN:24,(anonymous_2)
FN:25,(anonymous_3)
FN:26,(anonymous_4)
FN:29,(anonymous_5)
FN:38,(anonymous_6)
FN:43,(anonymous_7)
FN:48,(anonymous_8)
FN:59,(anonymous_9)
FN:61,(anonymous_10)
FN:66,(anonymous_11)
FN:68,(anonymous_12)
FN:73,(anonymous_13)
FN:82,(anonymous_14)
FNF:15
FNH:0
FNDA:0,BaseTenBlocks
FNDA:0,(anonymous_1)
FNDA:0,(anonymous_2)
FNDA:0,(anonymous_3)
FNDA:0,(anonymous_4)
FNDA:0,(anonymous_5)
FNDA:0,(anonymous_6)
FNDA:0,(anonymous_7)
FNDA:0,(anonymous_8)
FNDA:0,(anonymous_9)
FNDA:0,(anonymous_10)
FNDA:0,(anonymous_11)
FNDA:0,(anonymous_12)
FNDA:0,(anonymous_13)
FNDA:0,(anonymous_14)
DA:10,0
DA:11,0
DA:12,0
DA:14,0
DA:15,0
DA:16,0
DA:18,0
DA:20,0
DA:22,0
DA:23,0
DA:24,0
DA:25,0
DA:26,0
DA:29,0
DA:30,0
DA:31,0
DA:34,0
DA:38,0
DA:43,0
DA:48,0
DA:60,0
DA:62,0
DA:67,0
DA:69,0
DA:74,0
DA:82,0
DA:90,0
LF:27
LH:0
BRDA:10,0,0,0
BRDA:10,0,1,0
BRDA:11,1,0,0
BRDA:11,1,1,0
BRDA:12,2,0,0
BRDA:12,2,1,0
BRDA:23,3,0,0
BRDA:23,3,1,0
BRDA:23,4,0,0
BRDA:23,4,1,0
BRDA:24,5,0,0
BRDA:24,5,1,0
BRDA:25,6,0,0
BRDA:25,6,1,0
BRDA:30,7,0,0
BRDA:30,7,1,0
BRDA:30,8,0,0
BRDA:30,8,1,0
BRDA:37,9,0,0
BRDA:37,9,1,0
BRDA:42,10,0,0
BRDA:42,10,1,0
BRDA:47,11,0,0
BRDA:47,11,1,0
BRF:24
BRH:0
end_of_record
TN:
SF:src\components\chat\interactive\blocks\Chart.tsx
FN:9,Chart
FN:14,(anonymous_1)
FN:21,(anonymous_2)
FN:23,(anonymous_3)
FN:24,(anonymous_4)
FN:31,(anonymous_5)
FN:35,(anonymous_6)
FN:45,(anonymous_7)
FNF:8
FNH:0
FNDA:0,Chart
FNDA:0,(anonymous_1)
FNDA:0,(anonymous_2)
FNDA:0,(anonymous_3)
FNDA:0,(anonymous_4)
FNDA:0,(anonymous_5)
FNDA:0,(anonymous_6)
FNDA:0,(anonymous_7)
DA:10,0
DA:11,0
DA:12,0
DA:13,0
DA:14,0
DA:15,0
DA:17,0
DA:19,0
DA:21,0
DA:22,0
DA:23,0
DA:24,0
DA:28,0
DA:32,0
DA:33,0
DA:34,0
DA:35,0
DA:45,0
DA:53,0
LF:19
LH:0
BRDA:10,0,0,0
BRDA:10,0,1,0
BRDA:11,1,0,0
BRDA:11,1,1,0
BRDA:12,2,0,0
BRDA:12,2,1,0
BRDA:13,3,0,0
BRDA:13,3,1,0
BRDA:22,4,0,0
BRDA:22,4,1,0
BRDA:22,5,0,0
BRDA:22,5,1,0
BRDA:24,6,0,0
BRDA:24,6,1,0
BRDA:24,7,0,0
BRDA:24,7,1,0
BRDA:37,8,0,0
BRDA:37,8,1,0
BRDA:37,9,0,0
BRDA:37,9,1,0
BRF:20
BRH:0
end_of_record
TN:
SF:src\components\chat\interactive\blocks\Clock.tsx
FN:11,Clock
FN:22,(anonymous_1)
FN:29,(anonymous_2)
FN:49,(anonymous_3)
FN:57,(anonymous_4)
FN:64,(anonymous_5)
FNF:6
FNH:0
FNDA:0,Clock
FNDA:0,(anonymous_1)
FNDA:0,(anonymous_2)
FNDA:0,(anonymous_3)
FNDA:0,(anonymous_4)
FNDA:0,(anonymous_5)
DA:12,0
DA:13,0
DA:14,0
DA:16,0
DA:18,0
DA:19,0
DA:20,0
DA:22,0
DA:24,0
DA:30,0
DA:31,0
DA:49,0
DA:57,0
DA:64,0
DA:72,0
LF:15
LH:0
BRDA:12,0,0,0
BRDA:12,0,1,0
BRDA:13,1,0,0
BRDA:13,1,1,0
BRDA:14,2,0,0
BRDA:14,2,1,0
BRDA:49,3,0,0
BRDA:49,3,1,0
BRDA:49,3,2,0
BRDA:51,4,0,0
BRDA:51,4,1,0
BRDA:57,5,0,0
BRDA:57,5,1,0
BRDA:57,5,2,0
BRDA:59,6,0,0
BRDA:59,6,1,0
BRF:16
BRH:0
end_of_record
TN:
SF:src\components\chat\interactive\blocks\CoordinatePlane.tsx
FN:9,CoordinatePlane
FN:22,(anonymous_1)
FN:23,(anonymous_2)
FN:24,(anonymous_3)
FN:25,(anonymous_4)
FN:27,(anonymous_5)
FN:32,(anonymous_6)
FN:33,(anonymous_7)
FN:34,(anonymous_8)
FN:49,(anonymous_9)
FN:50,(anonymous_10)
FN:53,(anonymous_11)
FN:53,(anonymous_12)
FN:56,(anonymous_13)
FN:56,(anonymous_14)
FN:59,(anonymous_15)
FN:69,(anonymous_16)
FNF:17
FNH:0
FNDA:0,CoordinatePlane
FNDA:0,(anonymous_1)
FNDA:0,(anonymous_2)
FNDA:0,(anonymous_3)
FNDA:0,(anonymous_4)
FNDA:0,(anonymous_5)
FNDA:0,(anonymous_6)
FNDA:0,(anonymous_7)
FNDA:0,(anonymous_8)
FNDA:0,(anonymous_9)
FNDA:0,(anonymous_10)
FNDA:0,(anonymous_11)
FNDA:0,(anonymous_12)
FNDA:0,(anonymous_13)
FNDA:0,(anonymous_14)
FNDA:0,(anonymous_15)
FNDA:0,(anonymous_16)
DA:10,0
DA:11,0
DA:12,0
DA:13,0
DA:14,0
DA:16,0
DA:18,0
DA:20,0
DA:21,0
DA:22,0
DA:23,0
DA:24,0
DA:25,0
DA:27,0
DA:28,0
DA:29,0
DA:30,0
DA:31,0
DA:32,0
DA:33,0
DA:34,0
DA:35,0
DA:36,0
DA:40,0
DA:41,0
DA:42,0
DA:44,0
DA:49,0
DA:50,0
DA:53,0
DA:54,0
DA:56,0
DA:57,0
DA:60,0
DA:69,0
DA:77,0
LF:36
LH:0
BRDA:10,0,0,0
BRDA:10,0,1,0
BRDA:11,1,0,0
BRDA:11,1,1,0
BRDA:12,2,0,0
BRDA:12,2,1,0
BRDA:13,3,0,0
BRDA:13,3,1,0
BRDA:14,4,0,0
BRDA:14,4,1,0
BRDA:28,5,0,0
BRDA:28,5,1,0
BRDA:28,6,0,0
BRDA:28,6,1,0
BRDA:31,7,0,0
BRDA:31,7,1,0
BRDA:31,8,0,0
BRDA:31,8,1,0
BRDA:31,8,2,0
BRDA:31,8,3,0
BRDA:33,9,0,0
BRDA:33,9,1,0
BRDA:34,10,0,0
BRDA:34,10,1,0
BRDA:35,11,0,0
BRDA:35,11,1,0
BRDA:35,12,0,0
BRDA:35,12,1,0
BRDA:53,13,0,0
BRDA:53,13,1,0
BRDA:56,14,0,0
BRDA:56,14,1,0
BRF:32
BRH:0
end_of_record
TN:
SF:src\components\chat\interactive\blocks\DataBuilder.tsx
FN:10,DataBuilder
FN:16,(anonymous_1)
FN:27,(anonymous_2)
FN:42,(anonymous_3)
FN:48,(anonymous_4)
FN:50,(anonymous_5)
FN:59,(anonymous_6)
FN:60,(anonymous_7)
FNF:8
FNH:0
FNDA:0,DataBuilder
FNDA:0,(anonymous_1)
FNDA:0,(anonymous_2)
FNDA:0,(anonymous_3)
FNDA:0,(anonymous_4)
FNDA:0,(anonymous_5)
FNDA:0,(anonymous_6)
FNDA:0,(anonymous_7)
DA:11,0
DA:12,0
DA:13,0
DA:15,0
DA:16,0
DA:19,0
DA:21,0
DA:22,0
DA:24,0
DA:28,0
DA:29,0
DA:30,0
DA:43,0
DA:49,0
DA:50,0
DA:59,0
DA:60,0
DA:68,0
LF:18
LH:0
BRDA:11,0,0,0
BRDA:11,0,1,0
BRDA:12,1,0,0
BRDA:12,1,1,0
BRDA:13,2,0,0
BRDA:13,2,1,0
BRDA:28,3,0,0
BRDA:28,3,1,0
BRDA:47,4,0,0
BRDA:47,4,1,0
BRDA:49,5,0,0
BRDA:49,5,1,0
BRDA:49,6,0,0
BRDA:49,6,1,0
BRDA:53,7,0,0
BRDA:53,7,1,0
BRF:16
BRH:0
end_of_record
TN:
SF:src\components\chat\interactive\blocks\DragMatch.tsx
FN:9,DragMatch
FN:22,(anonymous_1)
FN:24,(anonymous_2)
FN:27,(anonymous_3)
FN:31,(anonymous_4)
FN:32,(anonymous_5)
FN:35,(anonymous_6)
FN:39,(anonymous_7)
FN:40,(anonymous_8)
FN:46,(anonymous_9)
FN:53,(anonymous_10)
FN:65,(anonymous_11)
FN:67,(anonymous_12)
FN:72,(anonymous_13)
FN:89,(anonymous_14)
FNF:15
FNH:0
FNDA:0,DragMatch
FNDA:0,(anonymous_1)
FNDA:0,(anonymous_2)
FNDA:0,(anonymous_3)
FNDA:0,(anonymous_4)
FNDA:0,(anonymous_5)
FNDA:0,(anonymous_6)
FNDA:0,(anonymous_7)
FNDA:0,(anonymous_8)
FNDA:0,(anonymous_9)
FNDA:0,(anonymous_10)
FNDA:0,(anonymous_11)
FNDA:0,(anonymous_12)
FNDA:0,(anonymous_13)
FNDA:0,(anonymous_14)
DA:10,0
DA:11,0
DA:12,0
DA:15,0
DA:16,0
DA:18,0
DA:20,0
DA:22,0
DA:23,0
DA:24,0
DA:27,0
DA:28,0
DA:29,0
DA:31,0
DA:32,0
DA:33,0
DA:35,0
DA:36,0
DA:39,0
DA:40,0
DA:42,0
DA:47,0
DA:48,0
DA:49,0
DA:53,0
DA:66,0
DA:67,0
DA:68,0
DA:72,0
DA:89,0
DA:97,0
LF:31
LH:0
BRDA:10,0,0,0
BRDA:10,0,1,0
BRDA:11,1,0,0
BRDA:11,1,1,0
BRDA:12,2,0,0
BRDA:12,2,1,0
BRDA:23,3,0,0
BRDA:23,3,1,0
BRDA:23,4,0,0
BRDA:23,4,1,0
BRDA:24,5,0,0
BRDA:24,5,1,0
BRDA:28,6,0,0
BRDA:28,6,1,0
BRDA:28,7,0,0
BRDA:28,7,1,0
BRDA:29,8,0,0
BRDA:29,8,1,0
BRDA:32,9,0,0
BRDA:32,9,1,0
BRDA:52,10,0,0
BRDA:52,10,1,0
BRDA:52,11,0,0
BRDA:52,11,1,0
BRDA:56,12,0,0
BRDA:56,12,1,0
BRDA:56,12,2,0
BRDA:71,13,0,0
BRDA:71,13,1,0
BRDA:71,14,0,0
BRDA:71,14,1,0
BRDA:71,14,2,0
BRDA:76,15,0,0
BRDA:76,15,1,0
BRDA:84,16,0,0
BRDA:84,16,1,0
BRF:36
BRH:0
end_of_record
TN:
SF:src\components\chat\interactive\blocks\ExpressionBuilder.tsx
FN:9,ExpressionBuilder
FN:18,(anonymous_1)
FN:20,(anonymous_2)
FN:21,(anonymous_3)
FN:23,(anonymous_4)
FN:25,(anonymous_5)
FN:35,(anonymous_6)
FN:40,(anonymous_7)
FN:52,(anonymous_8)
FN:57,(anonymous_9)
FN:67,(anonymous_10)
FNF:11
FNH:0
FNDA:0,ExpressionBuilder
FNDA:0,(anonymous_1)
FNDA:0,(anonymous_2)
FNDA:0,(anonymous_3)
FNDA:0,(anonymous_4)
FNDA:0,(anonymous_5)
FNDA:0,(anonymous_6)
FNDA:0,(anonymous_7)
FNDA:0,(anonymous_8)
FNDA:0,(anonymous_9)
FNDA:0,(anonymous_10)
DA:10,0
DA:11,0
DA:13,0
DA:14,0
DA:16,0
DA:18,0
DA:19,0
DA:20,0
DA:21,0
DA:23,0
DA:25,0
DA:26,0
DA:27,0
DA:28,0
DA:29,0
DA:32,0
DA:36,0
DA:41,0
DA:52,0
DA:57,0
DA:67,0
DA:75,0
LF:22
LH:0
BRDA:10,0,0,0
BRDA:10,0,1,0
BRDA:11,1,0,0
BRDA:11,1,1,0
BRDA:19,2,0,0
BRDA:19,2,1,0
BRDA:19,3,0,0
BRDA:19,3,1,0
BRDA:20,4,0,0
BRDA:20,4,1,0
BRDA:23,5,0,0
BRDA:23,5,1,0
BRDA:23,6,0,0
BRDA:23,6,1,0
BRDA:27,7,0,0
BRDA:27,7,1,0
BRDA:27,8,0,0
BRDA:27,8,1,0
BRDA:28,9,0,0
BRDA:28,9,1,0
BRDA:29,10,0,0
BRDA:29,10,1,0
BRDA:45,11,0,0
BRDA:45,11,1,0
BRDA:45,11,2,0
BRDA:51,12,0,0
BRDA:51,12,1,0
BRDA:56,13,0,0
BRDA:56,13,1,0
BRDA:66,14,0,0
BRDA:66,14,1,0
BRF:31
BRH:0
end_of_record
TN:
SF:src\components\chat\interactive\blocks\FractionBar.tsx
FN:9,FractionBar
FN:15,(anonymous_1)
FN:17,(anonymous_2)
FN:22,(anonymous_3)
FN:24,(anonymous_4)
FN:24,(anonymous_5)
FN:27,(anonymous_6)
FN:29,(anonymous_7)
FN:33,(anonymous_8)
FN:40,(anonymous_9)
FN:53,(anonymous_10)
FN:53,(anonymous_11)
FNF:12
FNH:0
FNDA:0,FractionBar
FNDA:0,(anonymous_1)
FNDA:0,(anonymous_2)
FNDA:0,(anonymous_3)
FNDA:0,(anonymous_4)
FNDA:0,(anonymous_5)
FNDA:0,(anonymous_6)
FNDA:0,(anonymous_7)
FNDA:0,(anonymous_8)
FNDA:0,(anonymous_9)
FNDA:0,(anonymous_10)
FNDA:0,(anonymous_11)
DA:10,0
DA:11,0
DA:12,0
DA:13,0
DA:15,0
DA:16,0
DA:17,0
DA:20,0
DA:22,0
DA:23,0
DA:24,0
DA:27,0
DA:28,0
DA:30,0
DA:33,0
DA:40,0
DA:42,0
DA:53,0
DA:61,0
LF:19
LH:0
BRDA:10,0,0,0
BRDA:10,0,1,0
BRDA:11,1,0,0
BRDA:11,1,1,0
BRDA:12,2,0,0
BRDA:12,2,1,0
BRDA:13,3,0,0
BRDA:13,3,1,0
BRDA:17,4,0,0
BRDA:17,4,1,0
BRDA:23,5,0,0
BRDA:23,5,1,0
BRDA:23,6,0,0
BRDA:23,6,1,0
BRDA:24,7,0,0
BRDA:24,7,1,0
BRDA:32,8,0,0
BRDA:32,8,1,0
BRDA:33,9,0,0
BRDA:33,9,1,0
BRDA:34,10,0,0
BRDA:34,10,1,0
BRDA:40,11,0,0
BRDA:40,11,1,0
BRDA:46,12,0,0
BRDA:46,12,1,0
BRDA:48,13,0,0
BRDA:48,13,1,0
BRDA:49,14,0,0
BRDA:49,14,1,0
BRF:30
BRH:0
end_of_record
TN:
SF:src\components\chat\interactive\blocks\Hotspot.tsx
FN:9,Hotspot
FN:21,(anonymous_1)
FN:23,(anonymous_2)
FN:24,(anonymous_3)
FN:42,(anonymous_4)
FN:46,(anonymous_5)
FN:54,(anonymous_6)
FN:54,(anonymous_7)
FN:63,(anonymous_8)
FNF:9
FNH:0
FNDA:0,Hotspot
FNDA:0,(anonymous_1)
FNDA:0,(anonymous_2)
FNDA:0,(anonymous_3)
FNDA:0,(anonymous_4)
FNDA:0,(anonymous_5)
FNDA:0,(anonymous_6)
FNDA:0,(anonymous_7)
FNDA:0,(anonymous_8)
DA:10,0
DA:11,0
DA:12,0
DA:13,0
DA:14,0
DA:15,0
DA:17,0
DA:19,0
DA:21,0
DA:22,0
DA:23,0
DA:24,0
DA:28,0
DA:29,0
DA:31,0
DA:43,0
DA:44,0
DA:45,0
DA:46,0
DA:47,0
DA:48,0
DA:50,0
DA:51,0
DA:53,0
DA:54,0
DA:55,0
DA:57,0
DA:63,0
DA:71,0
LF:29
LH:0
BRDA:10,0,0,0
BRDA:10,0,1,0
BRDA:11,1,0,0
BRDA:11,1,1,0
BRDA:12,2,0,0
BRDA:12,2,1,0
BRDA:13,3,0,0
BRDA:13,3,1,0
BRDA:14,4,0,0
BRDA:14,4,1,0
BRDA:15,5,0,0
BRDA:15,5,1,0
BRDA:22,6,0,0
BRDA:22,6,1,0
BRDA:22,7,0,0
BRDA:22,7,1,0
BRDA:24,8,0,0
BRDA:24,8,1,0
BRDA:24,9,0,0
BRDA:24,9,1,0
BRDA:28,10,0,0
BRDA:28,10,1,0
BRDA:29,11,0,0
BRDA:29,11,1,0
BRDA:34,12,0,0
BRDA:34,12,1,0
BRDA:40,13,0,0
BRDA:40,13,1,0
BRDA:44,14,0,0
BRDA:44,14,1,0
BRDA:45,15,0,0
BRDA:45,15,1,0
BRDA:47,16,0,0
BRDA:47,16,1,0
BRDA:50,17,0,0
BRDA:50,17,1,0
BRDA:53,18,0,0
BRDA:53,18,1,0
BRDA:54,19,0,0
BRDA:54,19,1,0
BRDA:54,20,0,0
BRDA:54,20,1,0
BRF:42
BRH:0
end_of_record
TN:
SF:src\components\chat\interactive\blocks\HundredChart.tsx
FN:9,HundredChart
FN:22,(anonymous_1)
FN:24,(anonymous_2)
FN:25,(anonymous_3)
FN:30,(anonymous_4)
FN:32,(anonymous_5)
FN:33,(anonymous_6)
FN:34,(anonymous_7)
FN:42,(anonymous_8)
FN:53,(anonymous_9)
FN:64,(anonymous_10)
FN:64,(anonymous_11)
FNF:12
FNH:0
FNDA:0,HundredChart
FNDA:0,(anonymous_1)
FNDA:0,(anonymous_2)
FNDA:0,(anonymous_3)
FNDA:0,(anonymous_4)
FNDA:0,(anonymous_5)
FNDA:0,(anonymous_6)
FNDA:0,(anonymous_7)
FNDA:0,(anonymous_8)
FNDA:0,(anonymous_9)
FNDA:0,(anonymous_10)
FNDA:0,(anonymous_11)
DA:10,0
DA:11,0
DA:12,0
DA:13,0
DA:14,0
DA:15,0
DA:16,0
DA:18,0
DA:20,0
DA:22,0
DA:24,0
DA:25,0
DA:26,0
DA:27,0
DA:30,0
DA:31,0
DA:32,0
DA:33,0
DA:34,0
DA:38,0
DA:43,0
DA:44,0
DA:45,0
DA:53,0
DA:64,0
DA:72,0
LF:26
LH:0
BRDA:10,0,0,0
BRDA:10,0,1,0
BRDA:11,1,0,0
BRDA:11,1,1,0
BRDA:12,2,0,0
BRDA:12,2,1,0
BRDA:13,3,0,0
BRDA:13,3,1,0
BRDA:14,4,0,0
BRDA:14,4,1,0
BRDA:15,5,0,0
BRDA:15,5,1,0
BRDA:16,6,0,0
BRDA:16,6,1,0
BRDA:26,7,0,0
BRDA:26,7,1,0
BRDA:31,8,0,0
BRDA:31,8,1,0
BRDA:31,9,0,0
BRDA:31,9,1,0
BRDA:32,10,0,0
BRDA:32,10,1,0
BRDA:32,11,0,0
BRDA:32,11,1,0
BRDA:34,12,0,0
BRDA:34,12,1,0
BRDA:34,13,0,0
BRDA:34,13,1,0
BRDA:50,14,0,0
BRDA:50,14,1,0
BRDA:51,15,0,0
BRDA:51,15,1,0
BRDA:56,16,0,0
BRDA:56,16,1,0
BRF:34
BRH:0
end_of_record
TN:
SF:src\components\chat\interactive\blocks\MoneyCounter.tsx
FN:11,MoneyCounter
FN:21,(anonymous_1)
FN:23,(anonymous_2)
FN:25,(anonymous_3)
FN:26,(anonymous_4)
FN:31,(anonymous_5)
FN:32,(anonymous_6)
FN:41,(anonymous_7)
FN:50,(anonymous_8)
FNF:9
FNH:0
FNDA:0,MoneyCounter
FNDA:0,(anonymous_1)
FNDA:0,(anonymous_2)
FNDA:0,(anonymous_3)
FNDA:0,(anonymous_4)
FNDA:0,(anonymous_5)
FNDA:0,(anonymous_6)
FNDA:0,(anonymous_7)
FNDA:0,(anonymous_8)
DA:9,0
DA:12,0
DA:13,0
DA:14,0
DA:15,0
DA:17,0
DA:19,0
DA:21,0
DA:22,0
DA:23,0
DA:25,0
DA:26,0
DA:28,0
DA:32,0
DA:42,0
DA:50,0
DA:58,0
LF:17
LH:0
BRDA:12,0,0,0
BRDA:12,0,1,0
BRDA:13,1,0,0
BRDA:13,1,1,0
BRDA:14,2,0,0
BRDA:14,2,1,0
BRDA:15,3,0,0
BRDA:15,3,1,0
BRDA:15,3,2,0
BRDA:22,4,0,0
BRDA:22,4,1,0
BRDA:22,5,0,0
BRDA:22,5,1,0
BRDA:25,6,0,0
BRDA:25,6,1,0
BRDA:25,7,0,0
BRDA:25,7,1,0
BRDA:42,8,0,0
BRDA:42,8,1,0
BRF:19
BRH:0
end_of_record
TN:
SF:src\components\chat\interactive\blocks\NetFolding.tsx
FN:14,NetFolding
FN:33,(anonymous_1)
FN:37,(anonymous_2)
FN:46,(anonymous_3)
FNF:4
FNH:0
FNDA:0,NetFolding
FNDA:0,(anonymous_1)
FNDA:0,(anonymous_2)
FNDA:0,(anonymous_3)
DA:10,0
DA:15,0
DA:16,0
DA:17,0
DA:19,0
DA:21,0
DA:23,0
DA:25,0
DA:34,0
DA:37,0
DA:46,0
DA:54,0
LF:12
LH:0
BRDA:15,0,0,0
BRDA:15,0,1,0
BRDA:16,1,0,0
BRDA:16,1,1,0
BRDA:17,2,0,0
BRDA:17,2,1,0
BRDA:23,3,0,0
BRDA:23,3,1,0
BRDA:36,4,0,0
BRDA:36,4,1,0
BRDA:37,5,0,0
BRDA:37,5,1,0
BRDA:37,5,2,0
BRDA:40,6,0,0
BRDA:40,6,1,0
BRF:15
BRH:0
end_of_record
TN:
SF:src\components\chat\interactive\blocks\NumberLine.tsx
FN:11,NumberLine
FN:24,(anonymous_1)
FN:35,(anonymous_2)
FN:54,(anonymous_3)
FN:63,(anonymous_4)
FNF:5
FNH:0
FNDA:0,NumberLine
FNDA:0,(anonymous_1)
FNDA:0,(anonymous_2)
FNDA:0,(anonymous_3)
FNDA:0,(anonymous_4)
DA:12,0
DA:13,0
DA:14,0
DA:15,0
DA:16,0
DA:18,0
DA:20,0
DA:22,0
DA:23,0
DA:24,0
DA:25,0
DA:27,0
DA:28,0
DA:30,0
DA:36,0
DA:37,0
DA:38,0
DA:54,0
DA:63,0
DA:71,0
LF:20
LH:0
BRDA:12,0,0,0
BRDA:12,0,1,0
BRDA:13,1,0,0
BRDA:13,1,1,0
BRDA:14,2,0,0
BRDA:14,2,1,0
BRDA:15,3,0,0
BRDA:15,3,1,0
BRDA:15,3,2,0
BRDA:16,4,0,0
BRDA:16,4,1,0
BRDA:37,5,0,0
BRDA:37,5,1,0
BRDA:54,6,0,0
BRDA:54,6,1,0
BRDA:54,6,2,0
BRDA:58,7,0,0
BRDA:58,7,1,0
BRF:18
BRH:0
end_of_record
TN:
SF:src\components\chat\interactive\blocks\ProbabilitySpinner.tsx
FN:12,ProbabilitySpinner
FN:17,(anonymous_1)
FN:22,(anonymous_2)
FN:24,(anonymous_3)
FN:25,(anonymous_4)
FN:31,(anonymous_5)
FN:45,(anonymous_6)
FN:52,(anonymous_7)
FN:59,(anonymous_8)
FN:70,(anonymous_9)
FNF:10
FNH:0
FNDA:0,ProbabilitySpinner
FNDA:0,(anonymous_1)
FNDA:0,(anonymous_2)
FNDA:0,(anonymous_3)
FNDA:0,(anonymous_4)
FNDA:0,(anonymous_5)
FNDA:0,(anonymous_6)
FNDA:0,(anonymous_7)
FNDA:0,(anonymous_8)
FNDA:0,(anonymous_9)
DA:10,0
DA:13,0
DA:14,0
DA:15,0
DA:17,0
DA:18,0
DA:20,0
DA:22,0
DA:23,0
DA:24,0
DA:25,0
DA:29,0
DA:30,0
DA:31,0
DA:32,0
DA:33,0
DA:34,0
DA:35,0
DA:36,0
DA:37,0
DA:38,0
DA:41,0
DA:46,0
DA:53,0
DA:54,0
DA:55,0
DA:59,0
DA:70,0
DA:78,0
LF:29
LH:0
BRDA:13,0,0,0
BRDA:13,0,1,0
BRDA:14,1,0,0
BRDA:14,1,1,0
BRDA:15,2,0,0
BRDA:15,2,1,0
BRDA:17,3,0,0
BRDA:17,3,1,0
BRDA:23,4,0,0
BRDA:23,4,1,0
BRDA:23,5,0,0
BRDA:23,5,1,0
BRDA:25,6,0,0
BRDA:25,6,1,0
BRDA:25,7,0,0
BRDA:25,7,1,0
BRDA:37,8,0,0
BRDA:37,8,1,0
BRDA:38,9,0,0
BRDA:38,9,1,0
BRDA:46,10,0,0
BRDA:46,10,1,0
BRDA:54,11,0,0
BRDA:54,11,1,0
BRDA:58,12,0,0
BRDA:58,12,1,0
BRDA:63,13,0,0
BRDA:63,13,1,0
BRF:28
BRH:0
end_of_record
TN:
SF:src\components\chat\interactive\blocks\SelectableGrid.tsx
FN:9,SelectableGrid
FN:22,(anonymous_1)
FN:24,(anonymous_2)
FN:25,(anonymous_3)
FN:34,(anonymous_4)
FN:46,(anonymous_5)
FN:51,(anonymous_6)
FN:58,(anonymous_7)
FN:58,(anonymous_8)
FN:69,(anonymous_9)
FN:73,(anonymous_10)
FN:80,(anonymous_11)
FN:80,(anonymous_12)
FNF:13
FNH:0
FNDA:0,SelectableGrid
FNDA:0,(anonymous_1)
FNDA:0,(anonymous_2)
FNDA:0,(anonymous_3)
FNDA:0,(anonymous_4)
FNDA:0,(anonymous_5)
FNDA:0,(anonymous_6)
FNDA:0,(anonymous_7)
FNDA:0,(anonymous_8)
FNDA:0,(anonymous_9)
FNDA:0,(anonymous_10)
FNDA:0,(anonymous_11)
FNDA:0,(anonymous_12)
DA:10,0
DA:11,0
DA:12,0
DA:13,0
DA:14,0
DA:15,0
DA:16,0
DA:18,0
DA:20,0
DA:22,0
DA:23,0
DA:24,0
DA:25,0
DA:29,0
DA:31,0
DA:32,0
DA:33,0
DA:34,0
DA:35,0
DA:36,0
DA:37,0
DA:38,0
DA:39,0
DA:40,0
DA:42,0
DA:47,0
DA:51,0
DA:58,0
DA:66,0
DA:70,0
DA:73,0
DA:80,0
DA:88,0
LF:33
LH:0
BRDA:10,0,0,0
BRDA:10,0,1,0
BRDA:11,1,0,0
BRDA:11,1,1,0
BRDA:12,2,0,0
BRDA:12,2,1,0
BRDA:13,3,0,0
BRDA:13,3,1,0
BRDA:14,4,0,0
BRDA:14,4,1,0
BRDA:15,5,0,0
BRDA:15,5,1,0
BRDA:16,6,0,0
BRDA:16,6,1,0
BRDA:23,7,0,0
BRDA:23,7,1,0
BRDA:23,8,0,0
BRDA:23,8,1,0
BRDA:25,9,0,0
BRDA:25,9,1,0
BRDA:25,10,0,0
BRDA:25,10,1,0
BRDA:31,11,0,0
BRDA:31,11,1,0
BRDA:39,12,0,0
BRDA:39,12,1,0
BRDA:49,13,0,0
BRDA:49,13,1,0
BRDA:72,14,0,0
BRDA:72,14,1,0
BRF:30
BRH:0
end_of_record
TN:
SF:src\components\chat\interactive\blocks\ShapePartition.tsx
FN:10,ShapePartition
FN:20,(anonymous_1)
FN:36,(anonymous_2)
FN:42,(anonymous_3)
FN:53,(anonymous_4)
FN:57,(anonymous_5)
FN:66,(anonymous_6)
FNF:7
FNH:0
FNDA:0,ShapePartition
FNDA:0,(anonymous_1)
FNDA:0,(anonymous_2)
FNDA:0,(anonymous_3)
FNDA:0,(anonymous_4)
FNDA:0,(anonymous_5)
FNDA:0,(anonymous_6)
DA:11,0
DA:12,0
DA:13,0
DA:15,0
DA:17,0
DA:19,0
DA:20,0
DA:21,0
DA:22,0
DA:23,0
DA:24,0
DA:25,0
DA:26,0
DA:29,0
DA:31,0
DA:37,0
DA:43,0
DA:54,0
DA:57,0
DA:66,0
DA:74,0
LF:21
LH:0
BRDA:11,0,0,0
BRDA:11,0,1,0
BRDA:12,1,0,0
BRDA:12,1,1,0
BRDA:13,2,0,0
BRDA:13,2,1,0
BRDA:15,3,0,0
BRDA:15,3,1,0
BRDA:25,4,0,0
BRDA:25,4,1,0
BRDA:34,5,0,0
BRDA:34,5,1,0
BRDA:56,6,0,0
BRDA:56,6,1,0
BRDA:57,7,0,0
BRDA:57,7,1,0
BRDA:57,7,2,0
BRDA:60,8,0,0
BRDA:60,8,1,0
BRF:19
BRH:0
end_of_record
TN:
SF:src\components\chat\interactive\blocks\SortableSequence.tsx
FN:10,SortableSequence
FN:15,(anonymous_1)
FN:16,(anonymous_2)
FN:23,(anonymous_3)
FN:24,(anonymous_4)
FN:28,(anonymous_5)
FN:33,(anonymous_6)
FN:35,(anonymous_7)
FN:37,(anonymous_8)
FN:39,(anonymous_9)
FN:45,(anonymous_10)
FN:50,(anonymous_11)
FN:53,(anonymous_12)
FN:62,(anonymous_13)
FN:62,(anonymous_14)
FNF:15
FNH:0
FNDA:0,SortableSequence
FNDA:0,(anonymous_1)
FNDA:0,(anonymous_2)
FNDA:0,(anonymous_3)
FNDA:0,(anonymous_4)
FNDA:0,(anonymous_5)
FNDA:0,(anonymous_6)
FNDA:0,(anonymous_7)
FNDA:0,(anonymous_8)
FNDA:0,(anonymous_9)
FNDA:0,(anonymous_10)
FNDA:0,(anonymous_11)
FNDA:0,(anonymous_12)
FNDA:0,(anonymous_13)
FNDA:0,(anonymous_14)
DA:11,0
DA:12,0
DA:15,0
DA:16,0
DA:17,0
DA:18,0
DA:19,0
DA:20,0
DA:23,0
DA:24,0
DA:25,0
DA:28,0
DA:29,0
DA:31,0
DA:33,0
DA:34,0
DA:35,0
DA:37,0
DA:38,0
DA:39,0
DA:42,0
DA:46,0
DA:50,0
DA:53,0
DA:62,0
DA:70,0
LF:26
LH:0
BRDA:11,0,0,0
BRDA:11,0,1,0
BRDA:12,1,0,0
BRDA:12,1,1,0
BRDA:24,2,0,0
BRDA:24,2,1,0
BRDA:24,3,0,0
BRDA:24,3,1,0
BRDA:34,4,0,0
BRDA:34,4,1,0
BRDA:34,5,0,0
BRDA:34,5,1,0
BRDA:34,5,2,0
BRDA:38,6,0,0
BRDA:38,6,1,0
BRDA:38,7,0,0
BRDA:38,7,1,0
BRDA:38,7,2,0
BRDA:46,8,0,0
BRDA:46,8,1,0
BRF:20
BRH:0
end_of_record
TN:
SF:src\components\chat\interactive\blocks\SymmetryGrid.tsx
FN:8,SymmetryGrid
FN:20,(anonymous_1)
FN:22,(anonymous_2)
FN:22,(anonymous_3)
FN:31,(anonymous_4)
FN:33,(anonymous_5)
FN:49,(anonymous_6)
FN:59,(anonymous_7)
FN:59,(anonymous_8)
FNF:9
FNH:0
FNDA:0,SymmetryGrid
FNDA:0,(anonymous_1)
FNDA:0,(anonymous_2)
FNDA:0,(anonymous_3)
FNDA:0,(anonymous_4)
FNDA:0,(anonymous_5)
FNDA:0,(anonymous_6)
FNDA:0,(anonymous_7)
FNDA:0,(anonymous_8)
DA:9,0
DA:10,0
DA:11,0
DA:12,0
DA:13,0
DA:14,0
DA:16,0
DA:18,0
DA:20,0
DA:21,0
DA:22,0
DA:25,0
DA:26,0
DA:28,0
DA:32,0
DA:34,0
DA:35,0
DA:36,0
DA:37,0
DA:38,0
DA:39,0
DA:49,0
DA:59,0
DA:67,0
LF:24
LH:0
BRDA:9,0,0,0
BRDA:9,0,1,0
BRDA:10,1,0,0
BRDA:10,1,1,0
BRDA:11,2,0,0
BRDA:11,2,1,0
BRDA:12,3,0,0
BRDA:12,3,1,0
BRDA:13,4,0,0
BRDA:13,4,1,0
BRDA:14,5,0,0
BRDA:14,5,1,0
BRDA:21,6,0,0
BRDA:21,6,1,0
BRDA:21,7,0,0
BRDA:21,7,1,0
BRDA:21,7,2,0
BRDA:22,8,0,0
BRDA:22,8,1,0
BRDA:25,9,0,0
BRDA:25,9,1,0
BRDA:26,10,0,0
BRDA:26,10,1,0
BRDA:44,11,0,0
BRDA:44,11,1,0
BRDA:45,12,0,0
BRDA:45,12,1,0
BRDA:46,13,0,0
BRDA:46,13,1,0
BRDA:47,14,0,0
BRDA:47,14,1,0
BRF:31
BRH:0
end_of_record
TN:
SF:src\components\chat\interactive\shared\InteractiveFooter.tsx
FN:22,InteractiveFooter
FN:61,ResultBanner
FNF:2
FNH:0
FNDA:0,InteractiveFooter
FNDA:0,ResultBanner
DA:27,0
DA:28,0
DA:30,0
DA:31,0
DA:33,0
DA:64,0
DA:65,0
DA:85,0
LF:8
LH:0
BRDA:27,0,0,0
BRDA:27,0,1,0
BRDA:28,1,0,0
BRDA:28,1,1,0
BRDA:30,2,0,0
BRDA:30,2,1,0
BRDA:36,3,0,0
BRDA:36,3,1,0
BRDA:36,3,2,0
BRDA:38,4,0,0
BRDA:38,4,1,0
BRDA:41,5,0,0
BRDA:41,5,1,0
BRDA:43,6,0,0
BRDA:43,6,1,0
BRDA:46,7,0,0
BRDA:46,7,1,0
BRDA:49,8,0,0
BRDA:49,8,1,0
BRDA:64,9,0,0
BRDA:64,9,1,0
BRDA:64,9,2,0
BRDA:64,10,0,0
BRDA:64,10,1,0
BRDA:67,11,0,0
BRDA:67,11,1,0
BRDA:75,12,0,0
BRDA:75,12,1,0
BRDA:75,12,2,0
BRF:29
BRH:0
end_of_record
TN:
SF:src\components\chat\interactive\shared\InteractiveShell.tsx
FN:12,InteractiveShell
FN:16,(anonymous_1)
FNF:2
FNH:0
FNDA:0,InteractiveShell
FNDA:0,(anonymous_1)
DA:13,0
DA:14,0
DA:16,0
DA:17,0
DA:23,0
DA:35,0
LF:6
LH:0
BRDA:27,0,0,0
BRDA:27,0,1,0
BRDA:29,1,0,0
BRDA:29,1,1,0
BRF:4
BRH:0
end_of_record
TN:
SF:src\components\chat\interactive\shared\useInteractiveAnswer.ts
FN:5,useInteractiveAnswer
FN:21,(anonymous_1)
FN:47,(anonymous_2)
FN:54,(anonymous_3)
FNF:4
FNH:0
FNDA:0,useInteractiveAnswer
FNDA:0,(anonymous_1)
FNDA:0,(anonymous_2)
FNDA:0,(anonymous_3)
DA:11,0
DA:12,0
DA:13,0
DA:14,0
DA:16,0
DA:17,0
DA:18,0
DA:19,0
DA:21,0
DA:22,0
DA:23,0
DA:24,0
DA:25,0
DA:26,0
DA:27,0
DA:33,0
DA:34,0
DA:35,0
DA:37,0
DA:40,0
DA:41,0
DA:43,0
DA:47,0
DA:48,0
DA:49,0
DA:50,0
DA:51,0
DA:54,0
DA:56,0
LF:29
LH:0
BRDA:9,0,0,0
BRDA:16,1,0,0
BRDA:16,1,1,0
BRDA:17,2,0,0
BRDA:17,2,1,0
BRDA:17,2,2,0
BRDA:19,3,0,0
BRDA:19,3,1,0
BRDA:22,4,0,0
BRDA:22,4,1,0
BRDA:22,5,0,0
BRDA:22,5,1,0
BRDA:22,5,2,0
BRDA:33,6,0,0
BRDA:33,6,1,0
BRDA:37,7,0,0
BRDA:37,7,1,0
BRDA:48,8,0,0
BRDA:48,8,1,0
BRF:19
BRH:0
end_of_record
TN:
SF:src\components\home\ContinueLearning.tsx
FN:12,ContinueLearning
FN:16,(anonymous_1)
FN:44,formatRelativeTime
FNF:3
FNH:0
FNDA:0,ContinueLearning
FNDA:0,(anonymous_1)
FNDA:0,formatRelativeTime
DA:13,0
DA:14,0
DA:16,0
DA:18,0
DA:19,0
DA:22,0
DA:45,0
DA:46,0
DA:47,0
DA:48,0
DA:49,0
DA:50,0
DA:51,0
DA:53,0
DA:57,0
LF:15
LH:0
BRDA:14,0,0,0
BRDA:14,0,1,0
BRDA:14,1,0,0
BRDA:14,1,1,0
BRDA:18,2,0,0
BRDA:18,2,1,0
BRDA:18,3,0,0
BRDA:18,3,1,0
BRDA:31,4,0,0
BRDA:31,4,1,0
BRDA:34,5,0,0
BRDA:34,5,1,0
BRDA:48,6,0,0
BRDA:48,6,1,0
BRDA:49,7,0,0
BRDA:49,7,1,0
BRF:16
BRH:0
end_of_record
TN:
SF:src\components\home\RecentSessionItem.tsx
FN:12,RecentSessionItem
FN:25,(anonymous_1)
FN:53,resolveVisualKey
FN:63,formatRelativeTime
FNF:4
FNH:0
FNDA:0,RecentSessionItem
FNDA:0,(anonymous_1)
FNDA:0,resolveVisualKey
FNDA:0,formatRelativeTime
DA:13,0
DA:14,0
DA:15,0
DA:18,0
DA:25,0
DA:29,0
DA:30,0
DA:33,0
DA:54,0
DA:55,0
DA:56,0
DA:57,0
DA:58,0
DA:59,0
DA:60,0
DA:64,0
DA:65,0
DA:66,0
DA:67,0
DA:68,0
DA:69,0
DA:70,0
DA:71,0
DA:73,0
DA:77,0
LF:25
LH:0
BRDA:16,0,0,0
BRDA:16,0,1,0
BRDA:16,0,2,0
BRDA:16,0,3,0
BRDA:18,1,0,0
BRDA:18,1,1,0
BRDA:22,2,0,0
BRDA:22,2,1,0
BRDA:22,2,2,0
BRDA:29,3,0,0
BRDA:29,3,1,0
BRDA:29,4,0,0
BRDA:29,4,1,0
BRDA:40,5,0,0
BRDA:40,5,1,0
BRDA:41,6,0,0
BRDA:41,6,1,0
BRDA:41,6,2,0
BRDA:41,6,3,0
BRDA:45,7,0,0
BRDA:45,7,1,0
BRDA:54,8,0,0
BRDA:54,8,1,0
BRDA:56,9,0,0
BRDA:56,9,1,0
BRDA:57,10,0,0
BRDA:57,10,1,0
BRDA:58,11,0,0
BRDA:58,11,1,0
BRDA:59,12,0,0
BRDA:59,12,1,0
BRDA:67,13,0,0
BRDA:67,13,1,0
BRDA:68,14,0,0
BRDA:68,14,1,0
BRDA:70,15,0,0
BRDA:70,15,1,0
BRF:37
BRH:0
end_of_record
TN:
SF:src\components\home\StatStrip.tsx
FN:16,StatStrip
FN:19,(anonymous_1)
FNF:2
FNH:0
FNDA:0,StatStrip
FNDA:0,(anonymous_1)
DA:10,0
DA:17,0
DA:20,0
DA:34,0
LF:4
LH:0
BRF:0
BRH:0
end_of_record
TN:
SF:src\components\home\SubjectCard.tsx
FN:11,SubjectCard
FN:44,(anonymous_1)
FN:51,(anonymous_2)
FN:63,(anonymous_3)
FN:123,resolveVisualKey
FN:135,formatLabel
FN:139,(anonymous_6)
FNF:7
FNH:0
FNDA:0,SubjectCard
FNDA:0,(anonymous_1)
FNDA:0,(anonymous_2)
FNDA:0,(anonymous_3)
FNDA:0,resolveVisualKey
FNDA:0,formatLabel
FNDA:0,(anonymous_6)
DA:12,0
DA:15,0
DA:17,0
DA:20,0
DA:21,0
DA:30,0
DA:34,0
DA:36,0
DA:38,0
DA:42,0
DA:44,0
DA:45,0
DA:51,0
DA:52,0
DA:53,0
DA:63,0
DA:64,0
DA:65,0
DA:75,0
DA:124,0
DA:125,0
DA:126,0
DA:127,0
DA:128,0
DA:129,0
DA:131,0
DA:136,0
DA:137,0
DA:139,0
DA:142,0
LF:30
LH:0
BRDA:17,0,0,0
BRDA:17,0,1,0
BRDA:17,0,2,0
BRDA:17,0,3,0
BRDA:17,0,4,0
BRDA:21,1,0,0
BRDA:21,1,1,0
BRDA:30,2,0,0
BRDA:30,2,1,0
BRDA:30,2,2,0
BRDA:30,2,3,0
BRDA:34,3,0,0
BRDA:34,3,1,0
BRDA:34,3,2,0
BRDA:34,3,3,0
BRDA:36,4,0,0
BRDA:36,4,1,0
BRDA:36,4,2,0
BRDA:38,5,0,0
BRDA:38,5,1,0
BRDA:47,6,0,0
BRDA:47,6,1,0
BRDA:52,7,0,0
BRDA:52,7,1,0
BRDA:57,8,0,0
BRDA:57,8,1,0
BRDA:58,9,0,0
BRDA:58,9,1,0
BRDA:64,10,0,0
BRDA:64,10,1,0
BRDA:69,11,0,0
BRDA:69,11,1,0
BRDA:70,12,0,0
BRDA:70,12,1,0
BRDA:84,13,0,0
BRDA:84,13,1,0
BRDA:85,14,0,0
BRDA:85,14,1,0
BRDA:85,15,0,0
BRDA:85,15,1,0
BRDA:124,16,0,0
BRDA:124,16,1,0
BRDA:126,17,0,0
BRDA:126,17,1,0
BRDA:127,18,0,0
BRDA:127,18,1,0
BRDA:128,19,0,0
BRDA:128,19,1,0
BRDA:129,20,0,0
BRDA:129,20,1,0
BRDA:136,21,0,0
BRDA:136,21,1,0
BRF:52
BRH:0
end_of_record
TN:
SF:src\components\parent\ChildRow.tsx
FN:12,ChildRow
FN:15,(anonymous_1)
FN:16,(anonymous_2)
FNF:3
FNH:0
FNDA:0,ChildRow
FNDA:0,(anonymous_1)
FNDA:0,(anonymous_2)
DA:13,0
DA:15,0
DA:16,0
DA:32,0
LF:4
LH:0
BRDA:15,0,0,0
BRDA:15,0,1,0
BRDA:23,1,0,0
BRDA:23,1,1,0
BRF:4
BRH:0
end_of_record
TN:
SF:src\components\parent\ChildSwitcherSheet.tsx
FN:26,ChildSwitcherSheet
FN:34,(anonymous_1)
FN:49,(anonymous_2)
FN:50,(anonymous_3)
FN:54,(anonymous_4)
FN:59,(anonymous_5)
FNF:6
FNH:0
FNDA:0,ChildSwitcherSheet
FNDA:0,(anonymous_1)
FNDA:0,(anonymous_2)
FNDA:0,(anonymous_3)
FNDA:0,(anonymous_4)
FNDA:0,(anonymous_5)
DA:32,0
DA:34,0
DA:35,0
DA:36,0
DA:39,0
DA:49,0
DA:51,0
DA:52,0
DA:54,0
DA:59,0
DA:97,0
LF:11
LH:0
BRDA:56,0,0,0
BRDA:56,0,1,0
BRDA:57,1,0,0
BRDA:57,1,1,0
BRDA:64,2,0,0
BRDA:64,2,1,0
BRDA:70,3,0,0
BRDA:70,3,1,0
BRDA:77,4,0,0
BRDA:77,4,1,0
BRDA:80,5,0,0
BRDA:80,5,1,0
BRDA:84,6,0,0
BRDA:84,6,1,0
BRF:14
BRH:0
end_of_record
TN:
SF:src\components\parent\NotificationBell.tsx
FN:32,timeAgo
FN:46,getIcon
FN:60,NotificationBell
FN:66,(anonymous_3)
FN:77,(anonymous_4)
FN:78,(anonymous_5)
FN:96,(anonymous_6)
FN:98,(anonymous_7)
FN:108,(anonymous_8)
FN:120,(anonymous_9)
FN:123,(anonymous_10)
FN:126,(anonymous_11)
FN:143,NotificationItem
FNF:13
FNH:0
FNDA:0,timeAgo
FNDA:0,getIcon
FNDA:0,NotificationBell
FNDA:0,(anonymous_3)
FNDA:0,(anonymous_4)
FNDA:0,(anonymous_5)
FNDA:0,(anonymous_6)
FNDA:0,(anonymous_7)
FNDA:0,(anonymous_8)
FNDA:0,(anonymous_9)
FNDA:0,(anonymous_10)
FNDA:0,(anonymous_11)
FNDA:0,NotificationItem
DA:33,0
DA:34,0
DA:35,0
DA:37,0
DA:38,0
DA:39,0
DA:40,0
DA:41,0
DA:42,0
DA:43,0
DA:47,0
DA:48,0
DA:49,0
DA:50,0
DA:51,0
DA:52,0
DA:61,0
DA:62,0
DA:63,0
DA:66,0
DA:67,0
DA:68,0
DA:69,0
DA:70,0
DA:73,0
DA:77,0
DA:78,0
DA:96,0
DA:98,0
DA:108,0
DA:120,0
DA:124,0
DA:126,0
DA:150,0
DA:151,0
DA:176,0
LF:36
LH:0
BRDA:37,0,0,0
BRDA:37,0,1,0
BRDA:39,1,0,0
BRDA:39,1,1,0
BRDA:41,2,0,0
BRDA:41,2,1,0
BRDA:48,3,0,0
BRDA:48,3,1,0
BRDA:48,3,2,0
BRDA:48,3,3,0
BRDA:67,4,0,0
BRDA:67,4,1,0
BRDA:77,5,0,0
BRDA:77,5,1,0
BRDA:82,6,0,0
BRDA:82,6,1,0
BRDA:85,7,0,0
BRDA:85,7,1,0
BRDA:113,8,0,0
BRDA:113,8,1,0
BRDA:113,9,0,0
BRDA:113,9,1,0
BRDA:152,10,0,0
BRDA:152,10,1,0
BRDA:155,11,0,0
BRDA:155,11,1,0
BRDA:156,12,0,0
BRDA:156,12,1,0
BRDA:160,13,0,0
BRDA:160,13,1,0
BRDA:165,14,0,0
BRDA:165,14,1,0
BRF:32
BRH:0
end_of_record
TN:
SF:src\components\parent\ParentMomentsManager.tsx
FN:27,ParentMomentsManager
FN:42,(anonymous_1)
FN:47,(anonymous_2)
FN:61,(anonymous_3)
FN:67,(anonymous_4)
FN:76,(anonymous_5)
FN:82,(anonymous_6)
FN:87,(anonymous_7)
FN:88,(anonymous_8)
FN:95,(anonymous_9)
FN:139,(anonymous_10)
FN:140,(anonymous_11)
FN:143,(anonymous_12)
FN:162,(anonymous_13)
FN:178,(anonymous_14)
FN:190,(anonymous_15)
FN:194,(anonymous_16)
FNF:17
FNH:0
FNDA:0,ParentMomentsManager
FNDA:0,(anonymous_1)
FNDA:0,(anonymous_2)
FNDA:0,(anonymous_3)
FNDA:0,(anonymous_4)
FNDA:0,(anonymous_5)
FNDA:0,(anonymous_6)
FNDA:0,(anonymous_7)
FNDA:0,(anonymous_8)
FNDA:0,(anonymous_9)
FNDA:0,(anonymous_10)
FNDA:0,(anonymous_11)
FNDA:0,(anonymous_12)
FNDA:0,(anonymous_13)
FNDA:0,(anonymous_14)
FNDA:0,(anonymous_15)
FNDA:0,(anonymous_16)
DA:25,0
DA:31,0
DA:34,0
DA:35,0
DA:38,0
DA:39,0
DA:40,0
DA:42,0
DA:43,0
DA:47,0
DA:48,0
DA:49,0
DA:55,0
DA:56,0
DA:57,0
DA:61,0
DA:62,0
DA:63,0
DA:64,0
DA:67,0
DA:68,0
DA:69,0
DA:73,0
DA:76,0
DA:77,0
DA:82,0
DA:87,0
DA:88,0
DA:90,0
DA:95,0
DA:139,0
DA:141,0
DA:144,0
DA:145,0
DA:162,0
DA:178,0
DA:190,0
DA:194,0
DA:211,0
LF:39
LH:0
BRDA:43,0,0,0
BRDA:43,0,1,0
BRDA:48,1,0,0
BRDA:48,1,1,0
BRDA:52,2,0,0
BRDA:52,2,1,0
BRDA:55,3,0,0
BRDA:55,3,1,0
BRDA:68,4,0,0
BRDA:68,4,1,0
BRDA:71,5,0,0
BRDA:71,5,1,0
BRDA:113,6,0,0
BRDA:113,6,1,0
BRDA:113,7,0,0
BRDA:113,7,1,0
BRDA:113,7,2,0
BRDA:114,8,0,0
BRDA:114,8,1,0
BRDA:123,9,0,0
BRDA:123,9,1,0
BRDA:130,10,0,0
BRDA:130,10,1,0
BRDA:130,11,0,0
BRDA:130,11,1,0
BRDA:132,12,0,0
BRDA:132,12,1,0
BRDA:146,13,0,0
BRDA:146,13,1,0
BRDA:147,14,0,0
BRDA:147,14,1,0
BRDA:184,15,0,0
BRDA:184,15,1,0
BRF:33
BRH:0
end_of_record
TN:
SF:src\components\parent\StatusBadge.tsx
FN:11,resolveStyle
FN:24,StatusBadge
FNF:2
FNH:0
FNDA:0,resolveStyle
FNDA:0,StatusBadge
DA:12,0
DA:14,0
DA:16,0
DA:18,0
DA:20,0
DA:25,0
DA:26,0
DA:33,0
LF:8
LH:0
BRDA:12,0,0,0
BRDA:12,0,1,0
BRDA:12,0,2,0
BRDA:12,0,3,0
BRF:4
BRH:0
end_of_record
TN:
SF:src\components\partner\EnrollmentStatStrip.tsx
FN:16,EnrollmentStatStrip
FN:19,(anonymous_1)
FNF:2
FNH:0
FNDA:0,EnrollmentStatStrip
FNDA:0,(anonymous_1)
DA:10,0
DA:17,0
DA:20,0
DA:34,0
LF:4
LH:0
BRF:0
BRH:0
end_of_record
TN:
SF:src\components\partner\IngestionSheet.tsx
FN:21,(anonymous_0)
FN:34,IngestionSheet
FN:56,(anonymous_2)
FN:65,(anonymous_3)
FN:87,(anonymous_4)
FN:94,(anonymous_5)
FN:103,(anonymous_6)
FN:128,(anonymous_7)
FN:191,(anonymous_8)
FN:199,(anonymous_9)
FN:203,(anonymous_10)
FN:206,(anonymous_11)
FN:259,(anonymous_12)
FN:267,(anonymous_13)
FN:333,(anonymous_14)
FN:340,(anonymous_15)
FN:342,(anonymous_16)
FN:343,(anonymous_17)
FNF:18
FNH:0
FNDA:0,(anonymous_0)
FNDA:0,IngestionSheet
FNDA:0,(anonymous_2)
FNDA:0,(anonymous_3)
FNDA:0,(anonymous_4)
FNDA:0,(anonymous_5)
FNDA:0,(anonymous_6)
FNDA:0,(anonymous_7)
FNDA:0,(anonymous_8)
FNDA:0,(anonymous_9)
FNDA:0,(anonymous_10)
FNDA:0,(anonymous_11)
FNDA:0,(anonymous_12)
FNDA:0,(anonymous_13)
FNDA:0,(anonymous_14)
FNDA:0,(anonymous_15)
FNDA:0,(anonymous_16)
FNDA:0,(anonymous_17)
DA:20,0
DA:21,0
DA:35,0
DA:37,0
DA:38,0
DA:39,0
DA:40,0
DA:41,0
DA:42,0
DA:44,0
DA:45,0
DA:46,0
DA:47,0
DA:50,0
DA:51,0
DA:52,0
DA:53,0
DA:56,0
DA:57,0
DA:59,0
DA:61,0
DA:65,0
DA:66,0
DA:67,0
DA:71,0
DA:72,0
DA:73,0
DA:75,0
DA:76,0
DA:77,0
DA:79,0
DA:80,0
DA:83,0
DA:87,0
DA:88,0
DA:89,0
DA:90,0
DA:91,0
DA:94,0
DA:95,0
DA:96,0
DA:97,0
DA:98,0
DA:101,0
DA:103,0
DA:104,0
DA:105,0
DA:106,0
DA:107,0
DA:108,0
DA:120,0
DA:122,0
DA:124,0
DA:128,0
DA:129,0
DA:130,0
DA:131,0
DA:134,0
DA:191,0
DA:200,0
DA:201,0
DA:204,0
DA:207,0
DA:259,0
DA:267,0
DA:333,0
DA:340,0
DA:342,0
DA:343,0
DA:349,0
LF:70
LH:0
BRDA:71,0,0,0
BRDA:71,0,1,0
BRDA:79,1,0,0
BRDA:79,1,1,0
BRDA:88,2,0,0
BRDA:88,2,1,0
BRDA:95,3,0,0
BRDA:95,3,1,0
BRDA:95,4,0,0
BRDA:95,4,1,0
BRDA:101,5,0,0
BRDA:101,5,1,0
BRDA:101,5,2,0
BRDA:101,5,3,0
BRDA:101,5,4,0
BRDA:104,6,0,0
BRDA:104,6,1,0
BRDA:104,7,0,0
BRDA:104,7,1,0
BRDA:114,8,0,0
BRDA:114,8,1,0
BRDA:122,9,0,0
BRDA:122,9,1,0
BRDA:129,10,0,0
BRDA:129,10,1,0
BRDA:130,11,0,0
BRDA:130,11,1,0
BRDA:156,12,0,0
BRDA:156,12,1,0
BRDA:157,13,0,0
BRDA:157,13,1,0
BRDA:162,14,0,0
BRDA:162,14,1,0
BRDA:176,15,0,0
BRDA:176,15,1,0
BRDA:176,16,0,0
BRDA:176,16,1,0
BRDA:176,16,2,0
BRDA:181,17,0,0
BRDA:181,17,1,0
BRDA:213,18,0,0
BRDA:213,18,1,0
BRDA:216,19,0,0
BRDA:216,19,1,0
BRDA:220,20,0,0
BRDA:220,20,1,0
BRDA:232,21,0,0
BRDA:232,21,1,0
BRDA:236,22,0,0
BRDA:236,22,1,0
BRDA:243,23,0,0
BRDA:243,23,1,0
BRDA:243,24,0,0
BRDA:243,24,1,0
BRDA:265,25,0,0
BRDA:265,25,1,0
BRDA:307,26,0,0
BRDA:307,26,1,0
BRDA:313,27,0,0
BRDA:313,27,1,0
BRDA:313,27,2,0
BRDA:315,28,0,0
BRDA:315,28,1,0
BRDA:317,29,0,0
BRDA:317,29,1,0
BRDA:341,30,0,0
BRDA:341,30,1,0
BRF:67
BRH:0
end_of_record
TN:
SF:src\components\partner\StatusBadge.tsx
FN:11,resolveStyle
FN:26,StatusBadge
FNF:2
FNH:0
FNDA:0,resolveStyle
FNDA:0,StatusBadge
DA:12,0
DA:15,0
DA:18,0
DA:20,0
DA:22,0
DA:27,0
DA:28,0
DA:35,0
LF:8
LH:0
BRDA:12,0,0,0
BRDA:12,0,1,0
BRDA:12,0,2,0
BRDA:12,0,3,0
BRDA:12,0,4,0
BRDA:12,0,5,0
BRDA:15,1,0,0
BRDA:15,1,1,0
BRDA:18,2,0,0
BRDA:18,2,1,0
BRF:10
BRH:0
end_of_record
TN:
SF:src\components\partner\StudentDetailSheet.tsx
FN:23,StudentDetailSheet
FN:29,(anonymous_1)
FN:35,(anonymous_2)
FN:36,(anonymous_3)
FN:78,(anonymous_4)
FN:93,DetailRow
FNF:6
FNH:0
FNDA:0,StudentDetailSheet
FNDA:0,(anonymous_1)
FNDA:0,(anonymous_2)
FNDA:0,(anonymous_3)
FNDA:0,(anonymous_4)
FNDA:0,DetailRow
DA:24,0
DA:25,0
DA:26,0
DA:27,0
DA:29,0
DA:30,0
DA:31,0
DA:32,0
DA:35,0
DA:36,0
DA:39,0
DA:79,0
DA:94,0
DA:105,0
LF:14
LH:0
BRDA:49,0,0,0
BRDA:49,0,1,0
BRDA:61,1,0,0
BRDA:61,1,1,0
BRDA:65,2,0,0
BRDA:65,2,1,0
BRDA:71,3,0,0
BRDA:71,3,1,0
BRDA:72,4,0,0
BRDA:72,4,1,0
BRDA:73,5,0,0
BRDA:73,5,1,0
BRDA:74,6,0,0
BRDA:74,6,1,0
BRDA:74,7,0,0
BRDA:74,7,1,0
BRF:16
BRH:0
end_of_record
TN:
SF:src\components\partner\StudentRow.tsx
FN:12,StudentRow
FN:15,(anonymous_1)
FN:16,(anonymous_2)
FNF:3
FNH:0
FNDA:0,StudentRow
FNDA:0,(anonymous_1)
FNDA:0,(anonymous_2)
DA:13,0
DA:15,0
DA:16,0
DA:30,0
LF:4
LH:0
BRDA:15,0,0,0
BRDA:15,0,1,0
BRDA:19,1,0,0
BRDA:19,1,1,0
BRF:4
BRH:0
end_of_record
TN:
SF:src\components\partner\SubjectRegistryRow.tsx
FN:13,SubjectRegistryRow
FN:23,(anonymous_1)
FN:35,(anonymous_2)
FNF:3
FNH:0
FNDA:0,SubjectRegistryRow
FNDA:0,(anonymous_1)
FNDA:0,(anonymous_2)
DA:14,0
DA:22,0
DA:23,0
DA:24,0
DA:25,0
DA:26,0
DA:28,0
DA:34,0
DA:35,0
DA:38,0
DA:78,0
LF:11
LH:0
BRDA:14,0,0,0
BRDA:14,0,1,0
BRDA:24,1,0,0
BRDA:24,1,1,0
BRDA:50,2,0,0
BRDA:50,2,1,0
BRDA:51,3,0,0
BRDA:51,3,1,0
BRDA:53,4,0,0
BRDA:53,4,1,0
BRDA:64,5,0,0
BRDA:64,5,1,0
BRDA:64,6,0,0
BRDA:64,6,1,0
BRDA:68,7,0,0
BRDA:68,7,1,0
BRDA:68,8,0,0
BRDA:68,8,1,0
BRDA:68,8,2,0
BRF:19
BRH:0
end_of_record
TN:
SF:src\components\report-card\ReportCard.tsx
FN:33,Md
FN:106,fromProgressReport
FN:121,(anonymous_2)
FN:126,(anonymous_3)
FN:137,(anonymous_4)
FN:142,fromParentReport
FN:161,(anonymous_6)
FN:166,(anonymous_7)
FN:195,bandFor
FN:209,resolveBand
FN:216,BandChip
FN:230,SectionCard
FN:263,ReportCard
FN:277,(anonymous_13)
FN:282,(anonymous_14)
FN:328,(anonymous_15)
FN:346,(anonymous_16)
FN:379,(anonymous_17)
FN:391,(anonymous_18)
FN:395,(anonymous_19)
FN:425,(anonymous_20)
FN:451,(anonymous_21)
FN:464,(anonymous_22)
FN:498,(anonymous_23)
FN:508,(anonymous_24)
FN:518,(anonymous_25)
FN:541,(anonymous_26)
FN:557,(anonymous_27)
FN:575,MetaItem
FN:581,InsightGroup
FN:590,(anonymous_30)
FNF:31
FNH:0
FNDA:0,Md
FNDA:0,fromProgressReport
FNDA:0,(anonymous_2)
FNDA:0,(anonymous_3)
FNDA:0,(anonymous_4)
FNDA:0,fromParentReport
FNDA:0,(anonymous_6)
FNDA:0,(anonymous_7)
FNDA:0,bandFor
FNDA:0,resolveBand
FNDA:0,BandChip
FNDA:0,SectionCard
FNDA:0,ReportCard
FNDA:0,(anonymous_13)
FNDA:0,(anonymous_14)
FNDA:0,(anonymous_15)
FNDA:0,(anonymous_16)
FNDA:0,(anonymous_17)
FNDA:0,(anonymous_18)
FNDA:0,(anonymous_19)
FNDA:0,(anonymous_20)
FNDA:0,(anonymous_21)
FNDA:0,(anonymous_22)
FNDA:0,(anonymous_23)
FNDA:0,(anonymous_24)
FNDA:0,(anonymous_25)
FNDA:0,(anonymous_26)
FNDA:0,(anonymous_27)
FNDA:0,MetaItem
FNDA:0,InsightGroup
FNDA:0,(anonymous_30)
DA:17,0
DA:34,0
DA:112,0
DA:121,0
DA:127,0
DA:128,0
DA:137,0
DA:148,0
DA:149,0
DA:151,0
DA:162,0
DA:163,0
DA:164,0
DA:167,0
DA:168,0
DA:196,0
DA:197,0
DA:198,0
DA:199,0
DA:202,0
DA:210,0
DA:211,0
DA:217,0
DA:218,0
DA:219,0
DA:225,0
DA:233,0
DA:246,0
DA:271,0
DA:273,0
DA:274,0
DA:275,0
DA:277,0
DA:281,0
DA:282,0
DA:284,0
DA:329,0
DA:330,0
DA:331,0
DA:347,0
DA:348,0
DA:349,0
DA:350,0
DA:380,0
DA:381,0
DA:382,0
DA:383,0
DA:392,0
DA:396,0
DA:397,0
DA:398,0
DA:426,0
DA:427,0
DA:428,0
DA:452,0
DA:453,0
DA:454,0
DA:455,0
DA:456,0
DA:457,0
DA:465,0
DA:499,0
DA:509,0
DA:519,0
DA:542,0
DA:558,0
DA:576,0
DA:586,0
DA:587,0
DA:591,0
DA:600,0
LF:71
LH:0
BRDA:116,0,0,0
BRDA:116,0,1,0
BRDA:121,1,0,0
BRDA:121,1,1,0
BRDA:123,2,0,0
BRDA:123,2,1,0
BRDA:126,3,0,0
BRDA:126,3,1,0
BRDA:127,4,0,0
BRDA:127,4,1,0
BRDA:127,4,2,0
BRDA:129,5,0,0
BRDA:129,5,1,0
BRDA:129,5,2,0
BRDA:131,6,0,0
BRDA:131,6,1,0
BRDA:133,7,0,0
BRDA:133,7,1,0
BRDA:137,8,0,0
BRDA:137,8,1,0
BRDA:148,9,0,0
BRDA:148,9,1,0
BRDA:149,10,0,0
BRDA:149,10,1,0
BRDA:153,11,0,0
BRDA:153,11,1,0
BRDA:154,12,0,0
BRDA:154,12,1,0
BRDA:154,12,2,0
BRDA:155,13,0,0
BRDA:155,13,1,0
BRDA:156,14,0,0
BRDA:156,14,1,0
BRDA:159,15,0,0
BRDA:159,15,1,0
BRDA:160,16,0,0
BRDA:160,16,1,0
BRDA:161,17,0,0
BRDA:161,17,1,0
BRDA:162,18,0,0
BRDA:162,18,1,0
BRDA:163,19,0,0
BRDA:163,19,1,0
BRDA:166,20,0,0
BRDA:166,20,1,0
BRDA:167,21,0,0
BRDA:167,21,1,0
BRDA:167,21,2,0
BRDA:169,22,0,0
BRDA:169,22,1,0
BRDA:169,22,2,0
BRDA:171,23,0,0
BRDA:171,23,1,0
BRDA:173,24,0,0
BRDA:173,24,1,0
BRDA:178,25,0,0
BRDA:178,25,1,0
BRDA:179,26,0,0
BRDA:179,26,1,0
BRDA:180,27,0,0
BRDA:180,27,1,0
BRDA:180,28,0,0
BRDA:180,28,1,0
BRDA:180,28,2,0
BRDA:181,29,0,0
BRDA:181,29,1,0
BRDA:182,30,0,0
BRDA:182,30,1,0
BRDA:183,31,0,0
BRDA:183,31,1,0
BRDA:185,32,0,0
BRDA:185,32,1,0
BRDA:186,33,0,0
BRDA:186,33,1,0
BRDA:187,34,0,0
BRDA:187,34,1,0
BRDA:196,35,0,0
BRDA:196,35,1,0
BRDA:197,36,0,0
BRDA:197,36,1,0
BRDA:198,37,0,0
BRDA:198,37,1,0
BRDA:210,38,0,0
BRDA:210,38,1,0
BRDA:210,39,0,0
BRDA:210,39,1,0
BRDA:239,40,0,0
BRDA:239,40,1,0
BRDA:274,41,0,0
BRDA:274,41,1,0
BRDA:277,42,0,0
BRDA:277,42,1,0
BRDA:285,43,0,0
BRDA:285,43,1,0
BRDA:294,44,0,0
BRDA:294,44,1,0
BRDA:306,45,0,0
BRDA:306,45,1,0
BRDA:308,46,0,0
BRDA:308,46,1,0
BRDA:314,47,0,0
BRDA:314,47,1,0
BRDA:318,48,0,0
BRDA:318,48,1,0
BRDA:318,49,0,0
BRDA:318,49,1,0
BRDA:320,50,0,0
BRDA:320,50,1,0
BRDA:325,51,0,0
BRDA:325,51,1,0
BRDA:332,52,0,0
BRDA:332,52,1,0
BRDA:344,53,0,0
BRDA:344,53,1,0
BRDA:349,54,0,0
BRDA:349,54,1,0
BRDA:356,55,0,0
BRDA:356,55,1,0
BRDA:356,56,0,0
BRDA:356,56,1,0
BRDA:364,57,0,0
BRDA:364,57,1,0
BRDA:376,58,0,0
BRDA:376,58,1,0
BRDA:376,58,2,0
BRDA:380,59,0,0
BRDA:380,59,1,0
BRDA:391,60,0,0
BRDA:391,60,1,0
BRDA:395,61,0,0
BRDA:395,61,1,0
BRDA:396,62,0,0
BRDA:396,62,1,0
BRDA:417,63,0,0
BRDA:417,63,1,0
BRDA:421,64,0,0
BRDA:421,64,1,0
BRDA:422,65,0,0
BRDA:422,65,1,0
BRDA:423,66,0,0
BRDA:423,66,1,0
BRDA:424,67,0,0
BRDA:424,67,1,0
BRDA:439,68,0,0
BRDA:439,68,1,0
BRDA:439,69,0,0
BRDA:439,69,1,0
BRDA:449,70,0,0
BRDA:449,70,1,0
BRDA:449,70,2,0
BRDA:452,71,0,0
BRDA:452,71,1,0
BRDA:456,72,0,0
BRDA:456,72,1,0
BRDA:462,73,0,0
BRDA:462,73,1,0
BRDA:474,74,0,0
BRDA:474,74,1,0
BRDA:475,75,0,0
BRDA:475,75,1,0
BRDA:487,76,0,0
BRDA:487,76,1,0
BRDA:489,77,0,0
BRDA:489,77,1,0
BRDA:489,77,2,0
BRDA:492,78,0,0
BRDA:492,78,1,0
BRDA:492,78,2,0
BRDA:495,79,0,0
BRDA:495,79,1,0
BRDA:495,79,2,0
BRDA:499,80,0,0
BRDA:499,80,1,0
BRDA:499,81,0,0
BRDA:499,81,1,0
BRDA:499,81,2,0
BRDA:499,82,0,0
BRDA:499,82,1,0
BRDA:499,83,0,0
BRDA:499,83,1,0
BRDA:499,84,0,0
BRDA:499,84,1,0
BRDA:515,85,0,0
BRDA:515,85,1,0
BRDA:515,85,2,0
BRDA:524,86,0,0
BRDA:524,86,1,0
BRDA:525,87,0,0
BRDA:525,87,1,0
BRDA:538,88,0,0
BRDA:538,88,1,0
BRDA:538,88,2,0
BRDA:547,89,0,0
BRDA:547,89,1,0
BRDA:548,90,0,0
BRDA:548,90,1,0
BRDA:554,91,0,0
BRDA:554,91,1,0
BRF:198
BRH:0
end_of_record
TN:
SF:src\components\teacher\InviteSheet.tsx
FN:34,InviteSheet
FN:40,(anonymous_1)
FN:46,(anonymous_2)
FN:51,(anonymous_3)
FN:94,(anonymous_4)
FN:104,(anonymous_5)
FN:109,(anonymous_6)
FN:122,(anonymous_7)
FNF:8
FNH:0
FNDA:0,InviteSheet
FNDA:0,(anonymous_1)
FNDA:0,(anonymous_2)
FNDA:0,(anonymous_3)
FNDA:0,(anonymous_4)
FNDA:0,(anonymous_5)
FNDA:0,(anonymous_6)
FNDA:0,(anonymous_7)
DA:22,0
DA:35,0
DA:36,0
DA:37,0
DA:38,0
DA:40,0
DA:41,0
DA:42,0
DA:43,0
DA:46,0
DA:47,0
DA:48,0
DA:51,0
DA:52,0
DA:53,0
DA:54,0
DA:55,0
DA:56,0
DA:57,0
DA:58,0
DA:60,0
DA:64,0
DA:94,0
DA:105,0
DA:106,0
DA:109,0
DA:122,0
DA:141,0
LF:28
LH:0
BRDA:52,0,0,0
BRDA:52,0,1,0
BRDA:53,1,0,0
BRDA:53,1,1,0
BRDA:60,2,0,0
BRDA:60,2,1,0
BRDA:68,3,0,0
BRDA:68,3,1,0
BRDA:110,4,0,0
BRDA:110,4,1,0
BRDA:112,5,0,0
BRDA:112,5,1,0
BRDA:118,6,0,0
BRDA:118,6,1,0
BRDA:122,7,0,0
BRDA:122,7,1,0
BRDA:126,8,0,0
BRDA:126,8,1,0
BRF:18
BRH:0
end_of_record
TN:
SF:src\components\teacher\StudentActionSheet.tsx
FN:31,studentLabel
FN:35,StudentActionSheet
FN:100,(anonymous_2)
FN:109,(anonymous_3)
FN:116,(anonymous_4)
FN:127,(anonymous_5)
FN:135,ActionButton
FN:152,(anonymous_7)
FNF:8
FNH:0
FNDA:0,studentLabel
FNDA:0,StudentActionSheet
FNDA:0,(anonymous_2)
FNDA:0,(anonymous_3)
FNDA:0,(anonymous_4)
FNDA:0,(anonymous_5)
FNDA:0,ActionButton
FNDA:0,(anonymous_7)
DA:32,0
DA:45,0
DA:46,0
DA:48,0
DA:49,0
DA:50,0
DA:52,0
DA:100,0
DA:109,0
DA:116,0
DA:127,0
DA:150,0
DA:152,0
DA:162,0
LF:14
LH:0
BRDA:32,0,0,0
BRDA:32,0,1,0
BRDA:32,0,2,0
BRDA:32,0,3,0
BRDA:46,1,0,0
BRDA:46,1,1,0
BRDA:68,2,0,0
BRDA:68,2,1,0
BRDA:74,3,0,0
BRDA:74,3,1,0
BRDA:85,4,0,0
BRDA:85,4,1,0
BRDA:86,5,0,0
BRDA:86,5,1,0
BRDA:87,6,0,0
BRDA:87,6,1,0
BRDA:93,7,0,0
BRDA:93,7,1,0
BRDA:96,8,0,0
BRDA:96,8,1,0
BRDA:123,9,0,0
BRDA:123,9,1,0
BRDA:152,10,0,0
BRDA:152,10,1,0
BRDA:156,11,0,0
BRDA:156,11,1,0
BRF:26
BRH:0
end_of_record
TN:
SF:src\components\teacher\TeacherStatChips.tsx
FN:17,TeacherStatChips
FN:30,(anonymous_1)
FNF:2
FNH:0
FNDA:0,TeacherStatChips
FNDA:0,(anonymous_1)
DA:18,0
DA:24,0
DA:31,0
DA:44,0
LF:4
LH:0
BRDA:19,0,0,0
BRDA:19,0,1,0
BRDA:20,1,0,0
BRDA:20,1,1,0
BRDA:21,2,0,0
BRDA:21,2,1,0
BRDA:33,3,0,0
BRDA:33,3,1,0
BRF:8
BRH:0
end_of_record
TN:
SF:src\components\test\MatchTheFollowing.tsx
FN:20,decode
FN:24,(anonymous_1)
FN:31,seededOrder
FN:35,(anonymous_3)
FN:36,(anonymous_4)
FN:37,(anonymous_5)
FN:40,MatchTheFollowing
FN:45,(anonymous_7)
FN:46,(anonymous_8)
FN:47,(anonymous_9)
FN:48,(anonymous_10)
FN:53,(anonymous_11)
FN:53,(anonymous_12)
FN:56,(anonymous_13)
FN:76,(anonymous_14)
FN:79,(anonymous_15)
FN:97,(anonymous_16)
FN:103,(anonymous_17)
FNF:18
FNH:0
FNDA:0,decode
FNDA:0,(anonymous_1)
FNDA:0,seededOrder
FNDA:0,(anonymous_3)
FNDA:0,(anonymous_4)
FNDA:0,(anonymous_5)
FNDA:0,MatchTheFollowing
FNDA:0,(anonymous_7)
FNDA:0,(anonymous_8)
FNDA:0,(anonymous_9)
FNDA:0,(anonymous_10)
FNDA:0,(anonymous_11)
FNDA:0,(anonymous_12)
FNDA:0,(anonymous_13)
FNDA:0,(anonymous_14)
FNDA:0,(anonymous_15)
FNDA:0,(anonymous_16)
FNDA:0,(anonymous_17)
DA:21,0
DA:22,0
DA:23,0
DA:24,0
DA:25,0
DA:27,0
DA:32,0
DA:33,0
DA:34,0
DA:35,0
DA:36,0
DA:37,0
DA:41,0
DA:42,0
DA:43,0
DA:45,0
DA:46,0
DA:47,0
DA:48,0
DA:49,0
DA:53,0
DA:54,0
DA:56,0
DA:57,0
DA:58,0
DA:60,0
DA:61,0
DA:62,0
DA:63,0
DA:64,0
DA:66,0
DA:69,0
DA:71,0
DA:77,0
DA:78,0
DA:79,0
DA:98,0
DA:99,0
DA:100,0
DA:103,0
DA:116,0
LF:41
LH:0
BRDA:21,0,0,0
BRDA:21,0,1,0
BRDA:25,1,0,0
BRDA:25,1,1,0
BRDA:25,2,0,0
BRDA:25,2,1,0
BRDA:41,3,0,0
BRDA:41,3,1,0
BRDA:53,4,0,0
BRDA:53,4,1,0
BRDA:58,5,0,0
BRDA:58,5,1,0
BRDA:60,6,0,0
BRDA:60,6,1,0
BRDA:63,7,0,0
BRDA:63,7,1,0
BRDA:69,8,0,0
BRDA:69,8,1,0
BRDA:85,9,0,0
BRDA:85,9,1,0
BRDA:85,10,0,0
BRDA:85,10,1,0
BRDA:86,11,0,0
BRDA:86,11,1,0
BRDA:87,12,0,0
BRDA:87,12,1,0
BRDA:103,13,0,0
BRDA:103,13,1,0
BRDA:104,14,0,0
BRDA:104,14,1,0
BRDA:104,15,0,0
BRDA:104,15,1,0
BRDA:106,16,0,0
BRDA:106,16,1,0
BRDA:107,17,0,0
BRDA:107,17,1,0
BRDA:107,18,0,0
BRDA:107,18,1,0
BRF:38
BRH:0
end_of_record
TN:
SF:src\components\test\PaperHeader.tsx
FN:10,PaperHeader
FN:25,(anonymous_1)
FN:34,SectionDivider
FN:48,Pill
FNF:4
FNH:0
FNDA:0,PaperHeader
FNDA:0,(anonymous_1)
FNDA:0,SectionDivider
FNDA:0,Pill
DA:11,0
DA:26,0
DA:35,0
DA:49,0
DA:56,0
LF:5
LH:0
BRDA:15,0,0,0
BRDA:15,0,1,0
BRDA:17,1,0,0
BRDA:17,1,1,0
BRDA:19,2,0,0
BRDA:19,2,1,0
BRDA:20,3,0,0
BRDA:20,3,1,0
BRDA:23,4,0,0
BRDA:23,4,1,0
BRDA:38,5,0,0
BRDA:38,5,1,0
BRDA:39,6,0,0
BRDA:39,6,1,0
BRF:14
BRH:0
end_of_record
TN:
SF:src\components\test\QuestionCard.tsx
FN:21,QuestionCardImpl
FN:22,(anonymous_1)
FN:37,renderBody
FN:55,ChoiceQuestion
FN:75,(anonymous_4)
FN:80,(anonymous_5)
FN:98,TrueFalse
FN:102,(anonymous_7)
FN:103,(anonymous_8)
FN:109,(anonymous_9)
FN:114,(anonymous_10)
FN:141,TextAnswer
FNF:12
FNH:0
FNDA:0,QuestionCardImpl
FNDA:0,(anonymous_1)
FNDA:0,renderBody
FNDA:0,ChoiceQuestion
FNDA:0,(anonymous_4)
FNDA:0,(anonymous_5)
FNDA:0,TrueFalse
FNDA:0,(anonymous_7)
FNDA:0,(anonymous_8)
FNDA:0,(anonymous_9)
FNDA:0,(anonymous_10)
FNDA:0,TextAnswer
DA:22,0
DA:24,0
DA:38,0
DA:41,0
DA:43,0
DA:45,0
DA:47,0
DA:50,0
DA:56,0
DA:57,0
DA:76,0
DA:77,0
DA:80,0
DA:99,0
DA:100,0
DA:102,0
DA:103,0
DA:105,0
DA:110,0
DA:111,0
DA:114,0
DA:142,0
DA:163,0
DA:165,0
LF:24
LH:0
BRDA:38,0,0,0
BRDA:38,0,1,0
BRDA:38,0,2,0
BRDA:38,0,3,0
BRDA:38,0,4,0
BRDA:38,0,5,0
BRDA:59,1,0,0
BRDA:59,1,1,0
BRDA:59,2,0,0
BRDA:59,2,1,0
BRDA:59,2,2,0
BRDA:75,3,0,0
BRDA:75,3,1,0
BRDA:81,4,0,0
BRDA:81,4,1,0
BRDA:86,5,0,0
BRDA:86,5,1,0
BRDA:87,6,0,0
BRDA:87,6,1,0
BRDA:89,7,0,0
BRDA:89,7,1,0
BRDA:99,8,0,0
BRDA:99,8,1,0
BRDA:99,9,0,0
BRDA:99,9,1,0
BRDA:100,10,0,0
BRDA:100,10,1,0
BRDA:100,11,0,0
BRDA:100,11,1,0
BRDA:103,12,0,0
BRDA:103,12,1,0
BRDA:115,13,0,0
BRDA:115,13,1,0
BRDA:119,14,0,0
BRDA:119,14,1,0
BRDA:124,15,0,0
BRDA:124,15,1,0
BRDA:124,16,0,0
BRDA:124,16,1,0
BRDA:144,17,0,0
BRDA:144,17,1,0
BRDA:144,18,0,0
BRDA:144,18,1,0
BRDA:152,19,0,0
BRDA:152,19,1,0
BRF:45
BRH:0
end_of_record
TN:
SF:src\components\test\QuestionNavSheet.tsx
FN:20,QuestionNavSheet
FN:30,(anonymous_1)
FN:34,(anonymous_2)
FN:41,(anonymous_3)
FNF:4
FNH:0
FNDA:0,QuestionNavSheet
FNDA:0,(anonymous_1)
FNDA:0,(anonymous_2)
FNDA:0,(anonymous_3)
DA:10,0
DA:21,0
DA:22,0
DA:31,0
DA:35,0
DA:36,0
DA:37,0
DA:38,0
DA:41,0
DA:58,0
LF:10
LH:0
BRDA:42,0,0,0
BRDA:42,0,1,0
BRDA:44,1,0,0
BRDA:44,1,1,0
BRF:4
BRH:0
end_of_record
TN:
SF:src\components\test\TestResultsView.tsx
FN:16,TestResultsView
FN:19,(anonymous_1)
FN:31,(anonymous_2)
FN:56,(anonymous_3)
FN:57,(anonymous_4)
FNF:5
FNH:0
FNDA:0,TestResultsView
FNDA:0,(anonymous_1)
FNDA:0,(anonymous_2)
FNDA:0,(anonymous_3)
FNDA:0,(anonymous_4)
DA:10,0
DA:17,0
DA:18,0
DA:19,0
DA:21,0
DA:32,0
DA:33,0
DA:34,0
DA:57,0
DA:58,0
DA:59,0
DA:60,0
DA:61,0
DA:82,0
LF:14
LH:0
BRDA:17,0,0,0
BRDA:17,0,1,0
BRDA:19,1,0,0
BRDA:19,1,1,0
BRDA:19,2,0,0
BRDA:19,2,1,0
BRDA:29,3,0,0
BRDA:29,3,1,0
BRDA:32,4,0,0
BRDA:32,4,1,0
BRDA:33,5,0,0
BRDA:33,5,1,0
BRDA:40,6,0,0
BRDA:40,6,1,0
BRDA:58,7,0,0
BRDA:58,7,1,0
BRDA:60,8,0,0
BRDA:60,8,1,0
BRDA:60,9,0,0
BRDA:60,9,1,0
BRF:20
BRH:0
end_of_record
TN:
SF:src\components\test\TestTimer.tsx
FN:9,TestTimer
FN:15,(anonymous_1)
FN:17,(anonymous_2)
FN:18,(anonymous_3)
FN:30,(anonymous_4)
FNF:5
FNH:5
FNDA:6,TestTimer
FNDA:4,(anonymous_1)
FNDA:11,(anonymous_2)
FNDA:11,(anonymous_3)
FNDA:3,(anonymous_4)
DA:10,6
DA:11,6
DA:12,6
DA:13,6
DA:15,6
DA:16,4
DA:17,3
DA:18,11
DA:19,11
DA:20,4
DA:21,4
DA:22,1
DA:23,1
DA:25,4
DA:27,7
DA:30,3
DA:33,6
DA:34,6
DA:35,6
DA:37,6
DA:44,1
LF:21
LH:21
BRDA:16,0,0,1
BRDA:16,0,1,3
BRDA:19,1,0,4
BRDA:19,1,1,7
BRDA:21,2,0,1
BRDA:21,2,1,3
BRDA:38,3,0,6
BRDA:38,3,1,4
BRF:8
BRH:8
end_of_record
TN:
SF:src\components\test\answerUtils.ts
FN:12,encodeTrueFalse
FN:18,encodeMatch
FN:20,(anonymous_2)
FN:21,(anonymous_3)
FN:26,isAnswered
FN:32,marksLabel
FNF:6
FNH:6
FNDA:3,encodeTrueFalse
FNDA:2,encodeMatch
FNDA:2,(anonymous_2)
FNDA:3,(anonymous_3)
FNDA:5,isAnswered
FNDA:3,marksLabel
DA:13,3
DA:14,3
DA:19,2
DA:20,2
DA:21,3
DA:27,5
DA:29,3
DA:33,3
LF:8
LH:8
BRDA:14,0,0,1
BRDA:14,0,1,2
BRDA:27,1,0,2
BRDA:27,1,1,3
BRDA:33,2,0,1
BRDA:33,2,1,2
BRF:6
BRH:6
end_of_record
TN:
SF:src\components\tutorial\TutorialTourModal.tsx
FN:11,TutorialTourModal
FN:18,(anonymous_1)
FN:21,(anonymous_2)
FN:34,(anonymous_3)
FN:37,handleMessage
FN:52,(anonymous_5)
FN:62,(anonymous_6)
FN:100,(anonymous_7)
FNF:8
FNH:0
FNDA:0,TutorialTourModal
FNDA:0,(anonymous_1)
FNDA:0,(anonymous_2)
FNDA:0,(anonymous_3)
FNDA:0,handleMessage
FNDA:0,(anonymous_5)
FNDA:0,(anonymous_6)
FNDA:0,(anonymous_7)
DA:12,0
DA:13,0
DA:14,0
DA:15,0
DA:16,0
DA:18,0
DA:19,0
DA:20,0
DA:21,0
DA:22,0
DA:23,0
DA:26,0
DA:27,0
DA:31,0
DA:34,0
DA:38,0
DA:39,0
DA:40,0
DA:44,0
DA:46,0
DA:52,0
DA:62,0
DA:100,0
DA:110,0
LF:24
LH:0
BRDA:19,0,0,0
BRDA:19,0,1,0
BRDA:27,1,0,0
BRDA:27,1,1,0
BRDA:27,2,0,0
BRDA:27,2,1,0
BRDA:31,3,0,0
BRDA:31,3,1,0
BRDA:39,4,0,0
BRDA:39,4,1,0
BRDA:39,5,0,0
BRDA:39,5,1,0
BRDA:44,6,0,0
BRDA:44,6,1,0
BRDA:55,7,0,0
BRDA:55,7,1,0
BRDA:72,8,0,0
BRDA:72,8,1,0
BRDA:77,9,0,0
BRDA:77,9,1,0
BRF:20
BRH:0
end_of_record
TN:
SF:src\components\voice\VoiceChatHeader.tsx
FN:23,VoiceChatHeader
FNF:1
FNH:0
FNDA:0,VoiceChatHeader
DA:17,0
DA:24,0
DA:50,0
LF:3
LH:0
BRDA:39,0,0,0
BRDA:39,0,1,0
BRDA:39,1,0,0
BRDA:39,1,1,0
BRF:4
BRH:0
end_of_record
TN:
SF:src\components\voice\VoiceControls.tsx
FN:21,MicIcon
FN:38,VoiceControls
FN:45,(anonymous_2)
FNF:3
FNH:0
FNDA:0,MicIcon
FNDA:0,VoiceControls
FNDA:0,(anonymous_2)
DA:22,0
DA:23,0
DA:30,0
DA:39,0
DA:41,0
DA:45,0
DA:89,0
LF:7
LH:0
BRDA:22,0,0,0
BRDA:22,0,1,0
BRDA:39,1,0,0
BRDA:39,1,1,0
BRDA:47,2,0,0
BRDA:47,2,1,0
BRDA:48,3,0,0
BRDA:48,3,1,0
BRDA:54,4,0,0
BRDA:54,4,1,0
BRDA:56,5,0,0
BRDA:56,5,1,0
BRDA:60,6,0,0
BRDA:60,6,1,0
BRDA:62,7,0,0
BRDA:62,7,1,0
BRDA:70,8,0,0
BRDA:70,8,1,0
BRF:18
BRH:0
end_of_record
TN:
SF:src\components\voice\VoiceOrb.tsx
FN:31,VoiceOrb
FN:38,(anonymous_1)
FN:56,(anonymous_2)
FNF:3
FNH:0
FNDA:0,VoiceOrb
FNDA:0,(anonymous_1)
FNDA:0,(anonymous_2)
DA:24,0
DA:32,0
DA:33,0
DA:34,0
DA:36,0
DA:38,0
DA:39,0
DA:41,0
DA:54,0
DA:55,0
DA:56,0
DA:59,0
DA:100,0
DA:102,0
LF:14
LH:0
BRF:0
BRH:0
end_of_record
TN:
SF:src\hooks\useAcademicRegistry.ts
FN:34,useAcademicRegistry
FN:49,(anonymous_1)
FN:55,(anonymous_2)
FN:57,(anonymous_3)
FN:59,(anonymous_4)
FN:65,(anonymous_5)
FN:66,(anonymous_6)
FN:74,(anonymous_7)
FN:76,(anonymous_8)
FN:83,(anonymous_9)
FN:90,(anonymous_10)
FN:91,(anonymous_11)
FN:97,(anonymous_12)
FN:101,(anonymous_13)
FN:107,(anonymous_14)
FN:108,(anonymous_15)
FN:118,(anonymous_16)
FN:119,(anonymous_17)
FN:142,(anonymous_18)
FN:154,(anonymous_19)
FN:162,(anonymous_20)
FN:163,(anonymous_21)
FN:170,(anonymous_22)
FN:171,(anonymous_23)
FN:176,(anonymous_24)
FN:176,(anonymous_25)
FN:186,(anonymous_26)
FN:188,(anonymous_27)
FN:188,(anonymous_28)
FN:197,(anonymous_29)
FN:200,(anonymous_30)
FN:200,(anonymous_31)
FN:212,(anonymous_32)
FN:214,(anonymous_33)
FN:218,(anonymous_34)
FNF:35
FNH:0
FNDA:0,useAcademicRegistry
FNDA:0,(anonymous_1)
FNDA:0,(anonymous_2)
FNDA:0,(anonymous_3)
FNDA:0,(anonymous_4)
FNDA:0,(anonymous_5)
FNDA:0,(anonymous_6)
FNDA:0,(anonymous_7)
FNDA:0,(anonymous_8)
FNDA:0,(anonymous_9)
FNDA:0,(anonymous_10)
FNDA:0,(anonymous_11)
FNDA:0,(anonymous_12)
FNDA:0,(anonymous_13)
FNDA:0,(anonymous_14)
FNDA:0,(anonymous_15)
FNDA:0,(anonymous_16)
FNDA:0,(anonymous_17)
FNDA:0,(anonymous_18)
FNDA:0,(anonymous_19)
FNDA:0,(anonymous_20)
FNDA:0,(anonymous_21)
FNDA:0,(anonymous_22)
FNDA:0,(anonymous_23)
FNDA:0,(anonymous_24)
FNDA:0,(anonymous_25)
FNDA:0,(anonymous_26)
FNDA:0,(anonymous_27)
FNDA:0,(anonymous_28)
FNDA:0,(anonymous_29)
FNDA:0,(anonymous_30)
FNDA:0,(anonymous_31)
FNDA:0,(anonymous_32)
FNDA:0,(anonymous_33)
FNDA:0,(anonymous_34)
DA:14,0
DA:15,0
DA:35,0
DA:37,0
DA:38,0
DA:39,0
DA:40,0
DA:41,0
DA:44,0
DA:45,0
DA:49,0
DA:50,0
DA:51,0
DA:52,0
DA:53,0
DA:54,0
DA:55,0
DA:57,0
DA:58,0
DA:59,0
DA:61,0
DA:64,0
DA:65,0
DA:66,0
DA:68,0
DA:70,0
DA:74,0
DA:75,0
DA:76,0
DA:79,0
DA:83,0
DA:84,0
DA:85,0
DA:86,0
DA:87,0
DA:90,0
DA:91,0
DA:92,0
DA:93,0
DA:96,0
DA:98,0
DA:99,0
DA:101,0
DA:102,0
DA:103,0
DA:105,0
DA:106,0
DA:107,0
DA:108,0
DA:110,0
DA:113,0
DA:115,0
DA:116,0
DA:118,0
DA:119,0
DA:120,0
DA:126,0
DA:127,0
DA:134,0
DA:141,0
DA:143,0
DA:146,0
DA:147,0
DA:154,0
DA:156,0
DA:157,0
DA:159,0
DA:161,0
DA:162,0
DA:163,0
DA:165,0
DA:169,0
DA:170,0
DA:171,0
DA:176,0
DA:177,0
DA:185,0
DA:187,0
DA:188,0
DA:189,0
DA:196,0
DA:198,0
DA:199,0
DA:200,0
DA:201,0
DA:202,0
DA:212,0
DA:213,0
DA:214,0
DA:215,0
DA:216,0
DA:217,0
DA:219,0
DA:223,0
DA:226,0
LF:95
LH:0
BRDA:50,0,0,0
BRDA:50,0,1,0
BRDA:59,1,0,0
BRDA:59,1,1,0
BRDA:65,2,0,0
BRDA:65,2,1,0
BRDA:65,2,2,0
BRDA:68,3,0,0
BRDA:68,3,1,0
BRDA:85,4,0,0
BRDA:85,4,1,0
BRDA:98,5,0,0
BRDA:98,5,1,0
BRDA:102,6,0,0
BRDA:102,6,1,0
BRDA:105,7,0,0
BRDA:105,7,1,0
BRDA:108,8,0,0
BRDA:108,8,1,0
BRDA:120,9,0,0
BRDA:120,9,1,0
BRDA:126,10,0,0
BRDA:126,10,1,0
BRDA:126,11,0,0
BRDA:126,11,1,0
BRDA:143,12,0,0
BRDA:143,12,1,0
BRDA:159,13,0,0
BRDA:159,13,1,0
BRDA:163,14,0,0
BRDA:163,14,1,0
BRDA:169,15,0,0
BRDA:169,15,1,0
BRDA:171,16,0,0
BRDA:171,16,1,0
BRDA:187,17,0,0
BRDA:187,17,1,0
BRDA:198,18,0,0
BRDA:198,18,1,0
BRDA:214,19,0,0
BRDA:214,19,1,0
BRDA:215,20,0,0
BRDA:215,20,1,0
BRDA:219,21,0,0
BRDA:219,21,1,0
BRF:45
BRH:0
end_of_record
TN:
SF:src\hooks\useApi.ts
FN:26,reducer
FN:42,useApi
FN:53,(anonymous_2)
FN:55,(anonymous_3)
FN:60,(anonymous_4)
FN:65,(anonymous_5)
FN:70,(anonymous_6)
FN:76,(anonymous_7)
FNF:8
FNH:0
FNDA:0,reducer
FNDA:0,useApi
FNDA:0,(anonymous_2)
FNDA:0,(anonymous_3)
FNDA:0,(anonymous_4)
FNDA:0,(anonymous_5)
FNDA:0,(anonymous_6)
FNDA:0,(anonymous_7)
DA:27,0
DA:28,0
DA:29,0
DA:30,0
DA:31,0
DA:47,0
DA:52,0
DA:53,0
DA:55,0
DA:56,0
DA:57,0
DA:60,0
DA:61,0
DA:62,0
DA:64,0
DA:66,0
DA:67,0
DA:71,0
DA:72,0
DA:76,0
DA:80,0
LF:21
LH:0
BRDA:27,0,0,0
BRDA:27,0,1,0
BRDA:27,0,2,0
BRDA:27,0,3,0
BRDA:45,1,0,0
BRDA:66,2,0,0
BRDA:66,2,1,0
BRDA:71,3,0,0
BRDA:71,3,1,0
BRDA:81,4,0,0
BRDA:81,4,1,0
BRDA:82,5,0,0
BRDA:82,5,1,0
BRDA:83,6,0,0
BRDA:83,6,1,0
BRF:15
BRH:0
end_of_record
TN:
SF:src\hooks\useChat.ts
FN:41,useChat
FN:58,(anonymous_1)
FN:62,(anonymous_2)
FN:66,(anonymous_3)
FN:71,(anonymous_4)
FN:90,(anonymous_5)
FN:98,(anonymous_6)
FN:102,(anonymous_7)
FN:112,(anonymous_8)
FN:124,(anonymous_9)
FN:131,(anonymous_10)
FN:144,(anonymous_11)
FN:159,(anonymous_12)
FN:174,(anonymous_13)
FN:177,(anonymous_14)
FN:178,(anonymous_15)
FN:190,(anonymous_16)
FN:191,(anonymous_17)
FN:192,(anonymous_18)
FN:198,(anonymous_19)
FN:204,(anonymous_20)
FN:204,(anonymous_21)
FN:217,(anonymous_22)
FN:246,(anonymous_23)
FN:246,(anonymous_24)
FN:259,(anonymous_25)
FN:263,(anonymous_26)
FN:400,(anonymous_27)
FN:408,(anonymous_28)
FN:414,(anonymous_29)
FN:446,(anonymous_30)
FN:476,(anonymous_31)
FN:494,(anonymous_32)
FN:497,(anonymous_33)
FN:498,(anonymous_34)
FN:502,(anonymous_35)
FN:502,(anonymous_36)
FN:512,(anonymous_37)
FNF:38
FNH:0
FNDA:0,useChat
FNDA:0,(anonymous_1)
FNDA:0,(anonymous_2)
FNDA:0,(anonymous_3)
FNDA:0,(anonymous_4)
FNDA:0,(anonymous_5)
FNDA:0,(anonymous_6)
FNDA:0,(anonymous_7)
FNDA:0,(anonymous_8)
FNDA:0,(anonymous_9)
FNDA:0,(anonymous_10)
FNDA:0,(anonymous_11)
FNDA:0,(anonymous_12)
FNDA:0,(anonymous_13)
FNDA:0,(anonymous_14)
FNDA:0,(anonymous_15)
FNDA:0,(anonymous_16)
FNDA:0,(anonymous_17)
FNDA:0,(anonymous_18)
FNDA:0,(anonymous_19)
FNDA:0,(anonymous_20)
FNDA:0,(anonymous_21)
FNDA:0,(anonymous_22)
FNDA:0,(anonymous_23)
FNDA:0,(anonymous_24)
FNDA:0,(anonymous_25)
FNDA:0,(anonymous_26)
FNDA:0,(anonymous_27)
FNDA:0,(anonymous_28)
FNDA:0,(anonymous_29)
FNDA:0,(anonymous_30)
FNDA:0,(anonymous_31)
FNDA:0,(anonymous_32)
FNDA:0,(anonymous_33)
FNDA:0,(anonymous_34)
FNDA:0,(anonymous_35)
FNDA:0,(anonymous_36)
FNDA:0,(anonymous_37)
DA:47,0
DA:49,0
DA:51,0
DA:52,0
DA:53,0
DA:54,0
DA:55,0
DA:56,0
DA:57,0
DA:58,0
DA:61,0
DA:63,0
DA:64,0
DA:67,0
DA:70,0
DA:71,0
DA:72,0
DA:73,0
DA:79,0
DA:80,0
DA:87,0
DA:88,0
DA:98,0
DA:99,0
DA:100,0
DA:101,0
DA:102,0
DA:103,0
DA:111,0
DA:113,0
DA:114,0
DA:115,0
DA:116,0
DA:117,0
DA:118,0
DA:119,0
DA:120,0
DA:123,0
DA:124,0
DA:130,0
DA:132,0
DA:135,0
DA:138,0
DA:139,0
DA:144,0
DA:146,0
DA:147,0
DA:150,0
DA:151,0
DA:159,0
DA:161,0
DA:162,0
DA:163,0
DA:166,0
DA:167,0
DA:168,0
DA:169,0
DA:170,0
DA:171,0
DA:172,0
DA:174,0
DA:175,0
DA:176,0
DA:177,0
DA:178,0
DA:179,0
DA:182,0
DA:183,0
DA:186,0
DA:190,0
DA:191,0
DA:192,0
DA:193,0
DA:198,0
DA:199,0
DA:204,0
DA:209,0
DA:217,0
DA:218,0
DA:219,0
DA:220,0
DA:221,0
DA:223,0
DA:224,0
DA:225,0
DA:230,0
DA:233,0
DA:238,0
DA:239,0
DA:243,0
DA:244,0
DA:245,0
DA:246,0
DA:248,0
DA:259,0
DA:260,0
DA:261,0
DA:262,0
DA:263,0
DA:264,0
DA:266,0
DA:267,0
DA:268,0
DA:269,0
DA:270,0
DA:272,0
DA:273,0
DA:274,0
DA:275,0
DA:276,0
DA:279,0
DA:280,0
DA:287,0
DA:288,0
DA:289,0
DA:290,0
DA:291,0
[...]
FNDA:0,(anonymous_17)
FNDA:0,(anonymous_18)
FNDA:0,(anonymous_19)
FNDA:0,(anonymous_20)
FNDA:0,(anonymous_21)
FNDA:0,(anonymous_22)
FNDA:0,(anonymous_23)
FNDA:0,(anonymous_24)
FNDA:0,(anonymous_25)
FNDA:0,(anonymous_26)
FNDA:0,(anonymous_27)
FNDA:0,(anonymous_28)
FNDA:0,(anonymous_29)
FNDA:0,useAudioSnapshot
FNDA:0,useAudioPlayback
FNDA:0,useRecordingState
DA:44,0
DA:58,0
DA:61,0
DA:64,0
DA:65,0
DA:69,0
DA:70,0
DA:74,0
DA:79,0
DA:82,0
DA:83,0
DA:89,0
DA:90,0
DA:91,0
DA:96,0
DA:97,0
DA:103,0
DA:104,0
DA:105,0
DA:106,0
DA:108,0
DA:109,0
DA:113,0
DA:114,0
DA:118,0
DA:119,0
DA:122,0
DA:123,0
DA:124,0
DA:125,0
DA:131,0
DA:135,0
DA:139,0
DA:140,0
DA:141,0
DA:142,0
DA:146,0
DA:148,0
DA:149,0
DA:158,0
DA:159,0
DA:160,0
DA:161,0
DA:162,0
DA:163,0
DA:168,0
DA:169,0
DA:170,0
DA:171,0
DA:177,0
DA:178,0
DA:179,0
DA:181,0
DA:182,0
DA:184,0
DA:186,0
DA:187,0
DA:190,0
DA:191,0
DA:194,0
DA:195,0
DA:198,0
DA:201,0
DA:202,0
DA:203,0
DA:204,0
DA:211,0
DA:216,0
DA:217,0
DA:218,0
DA:219,0
DA:220,0
DA:221,0
DA:222,0
DA:226,0
DA:227,0
DA:231,0
DA:232,0
DA:233,0
DA:234,0
DA:235,0
DA:236,0
DA:237,0
DA:238,0
DA:239,0
DA:241,0
DA:242,0
DA:243,0
DA:244,0
DA:252,0
DA:257,0
DA:258,0
DA:259,0
DA:270,0
DA:271,0
LF:95
LH:0
BRDA:83,0,0,0
BRDA:83,0,1,0
BRDA:89,1,0,0
BRDA:89,1,1,0
BRDA:96,2,0,0
BRDA:96,2,1,0
BRDA:113,3,0,0
BRDA:113,3,1,0
BRDA:113,4,0,0
BRDA:113,4,1,0
BRDA:145,5,0,0
BRDA:157,6,0,0
BRDA:168,7,0,0
BRDA:168,7,1,0
BRDA:178,8,0,0
BRDA:178,8,1,0
BRDA:178,9,0,0
BRDA:178,9,1,0
BRDA:179,10,0,0
BRDA:179,10,1,0
BRDA:179,11,0,0
BRDA:179,11,1,0
BRDA:231,12,0,0
BRDA:231,12,1,0
BRDA:231,13,0,0
BRDA:231,13,1,0
BRDA:262,14,0,0
BRDA:262,14,1,0
BRDA:262,14,2,0
BRDA:263,15,0,0
BRDA:263,15,1,0
BRDA:264,16,0,0
BRDA:264,16,1,0
BRF:33
BRH:0
end_of_record
TN:
SF:src\store\useAuthStore.ts
FN:37,reducer
FN:47,tokenToProfile
FN:71,AuthProvider
FN:75,(anonymous_3)
FN:76,(anonymous_4)
FN:86,(anonymous_5)
FN:92,(anonymous_6)
FN:103,useAuth
FNF:8
FNH:8
FNDA:6,reducer
FNDA:1,tokenToProfile
FNDA:10,AuthProvider
FNDA:4,(anonymous_3)
FNDA:4,(anonymous_4)
FNDA:1,(anonymous_5)
FNDA:1,(anonymous_6)
FNDA:12,useAuth
DA:38,6
DA:39,2
DA:42,3
DA:43,1
DA:48,1
DA:69,1
DA:72,10
DA:75,10
DA:76,4
DA:77,4
DA:78,4
DA:79,2
DA:81,2
DA:86,10
DA:87,1
DA:88,1
DA:89,1
DA:92,10
DA:93,1
DA:94,1
DA:96,1
DA:97,1
DA:100,10
DA:104,12
DA:105,12
DA:106,10
LF:26
LH:26
BRDA:38,0,0,2
BRDA:38,0,1,2
BRDA:38,0,2,3
BRDA:38,0,3,1
BRDA:78,1,0,2
BRDA:78,1,1,2
BRDA:78,2,0,4
BRDA:78,2,1,2
BRDA:93,3,0,1
BRDA:93,3,1,0
BRDA:105,4,0,2
BRDA:105,4,1,10
BRF:12
BRH:11
end_of_record
TN:
SF:src\store\useMomentsStore.ts
FN:22,(anonymous_0)
FN:28,(anonymous_1)
FN:40,(anonymous_2)
FN:44,(anonymous_3)
FN:54,(anonymous_4)
FN:58,(anonymous_5)
FN:58,(anonymous_6)
FN:66,(anonymous_7)
FN:70,(anonymous_8)
FN:70,(anonymous_9)
FN:78,(anonymous_10)
FNF:11
FNH:0
FNDA:0,(anonymous_0)
FNDA:0,(anonymous_1)
FNDA:0,(anonymous_2)
FNDA:0,(anonymous_3)
FNDA:0,(anonymous_4)
FNDA:0,(anonymous_5)
FNDA:0,(anonymous_6)
FNDA:0,(anonymous_7)
FNDA:0,(anonymous_8)
FNDA:0,(anonymous_9)
FNDA:0,(anonymous_10)
DA:22,0
DA:29,0
DA:30,0
DA:31,0
DA:32,0
DA:34,0
DA:36,0
DA:41,0
DA:42,0
DA:43,0
DA:44,0
DA:45,0
DA:47,0
DA:48,0
DA:50,0
DA:55,0
DA:56,0
DA:57,0
DA:58,0
DA:60,0
DA:62,0
DA:67,0
DA:68,0
DA:69,0
DA:70,0
DA:72,0
DA:74,0
DA:78,0
LF:28
LH:0
BRDA:32,0,0,0
BRDA:32,0,1,0
BRDA:34,1,0,0
BRDA:34,1,1,0
BRDA:47,2,0,0
BRDA:47,2,1,0
BRDA:58,3,0,0
BRDA:58,3,1,0
BRDA:60,4,0,0
BRDA:60,4,1,0
BRDA:72,5,0,0
BRDA:72,5,1,0
BRF:12
BRH:0
end_of_record
TN:
SF:src\store\useNotificationStore.ts
FN:26,emit
FN:28,(anonymous_1)
FN:31,subscribe
FN:33,(anonymous_3)
FN:37,(anonymous_4)
FN:43,(anonymous_5)
FN:52,(anonymous_6)
FN:54,(anonymous_7)
FN:57,(anonymous_8)
FN:67,(anonymous_9)
FN:68,(anonymous_10)
FN:71,(anonymous_11)
FN:75,(anonymous_12)
FN:76,(anonymous_13)
FN:81,(anonymous_14)
FN:84,useNotificationStore
FN:85,(anonymous_16)
FNF:17
FNH:0
FNDA:0,emit
FNDA:0,(anonymous_1)
FNDA:0,subscribe
FNDA:0,(anonymous_3)
FNDA:0,(anonymous_4)
FNDA:0,(anonymous_5)
FNDA:0,(anonymous_6)
FNDA:0,(anonymous_7)
FNDA:0,(anonymous_8)
FNDA:0,(anonymous_9)
FNDA:0,(anonymous_10)
FNDA:0,(anonymous_11)
FNDA:0,(anonymous_12)
FNDA:0,(anonymous_13)
FNDA:0,(anonymous_14)
FNDA:0,useNotificationStore
FNDA:0,(anonymous_16)
DA:17,0
DA:23,0
DA:24,0
DA:27,0
DA:28,0
DA:32,0
DA:33,0
DA:36,0
DA:38,0
DA:39,0
DA:40,0
DA:41,0
DA:42,0
DA:43,0
DA:47,0
DA:48,0
DA:54,0
DA:55,0
DA:57,0
DA:58,0
DA:60,0
DA:61,0
DA:68,0
DA:69,0
DA:70,0
DA:71,0
DA:72,0
DA:76,0
DA:77,0
DA:81,0
DA:85,0
LF:31
LH:0
BRDA:55,0,0,0
BRDA:55,0,1,0
BRDA:69,1,0,0
BRDA:69,1,1,0
BRF:4
BRH:0
end_of_record
TN:
SF:src\store\useParentStore.ts
FN:19,emit
FN:21,(anonymous_1)
FN:24,subscribe
FN:26,(anonymous_3)
FN:30,(anonymous_4)
FN:34,(anonymous_5)
FN:37,useParentStore
FN:38,(anonymous_7)
FNF:8
FNH:0
FNDA:0,emit
FNDA:0,(anonymous_1)
FNDA:0,subscribe
FNDA:0,(anonymous_3)
FNDA:0,(anonymous_4)
FNDA:0,(anonymous_5)
FNDA:0,useParentStore
FNDA:0,(anonymous_7)
DA:12,0
DA:16,0
DA:17,0
DA:20,0
DA:21,0
DA:25,0
DA:26,0
DA:29,0
DA:31,0
DA:32,0
DA:34,0
DA:38,0
LF:12
LH:0
BRF:0
BRH:0
end_of_record
TN:
SF:src\store\usePdfStore.ts
FN:30,emit
FN:32,(anonymous_1)
FN:35,subscribe
FN:37,(anonymous_3)
FN:40,getSnapshot
FN:49,arrayBufferToBase64
FN:75,downloadPdfToCache
FN:91,slugify
FN:102,(anonymous_8)
FN:125,(anonymous_9)
FN:131,(anonymous_10)
FN:136,(anonymous_11)
FN:144,(anonymous_12)
FN:150,(anonymous_13)
FN:166,usePdfState
FN:170,usePdfPointer
FN:175,usePdfUrl
FNF:17
FNH:0
FNDA:0,emit
FNDA:0,(anonymous_1)
FNDA:0,subscribe
FNDA:0,(anonymous_3)
FNDA:0,getSnapshot
FNDA:0,arrayBufferToBase64
FNDA:0,downloadPdfToCache
FNDA:0,slugify
FNDA:0,(anonymous_8)
FNDA:0,(anonymous_9)
FNDA:0,(anonymous_10)
FNDA:0,(anonymous_11)
FNDA:0,(anonymous_12)
FNDA:0,(anonymous_13)
FNDA:0,usePdfState
FNDA:0,usePdfPointer
FNDA:0,usePdfUrl
DA:18,0
DA:27,0
DA:28,0
DA:31,0
DA:32,0
DA:36,0
DA:37,0
DA:41,0
DA:44,0
DA:50,0
DA:51,0
DA:52,0
DA:53,0
DA:54,0
DA:55,0
DA:56,0
DA:58,0
DA:59,0
DA:60,0
DA:61,0
DA:62,0
DA:63,0
DA:64,0
DA:65,0
DA:67,0
DA:76,0
DA:77,0
DA:78,0
DA:80,0
DA:81,0
DA:82,0
DA:83,0
DA:84,0
DA:87,0
DA:92,0
DA:97,0
DA:104,0
DA:105,0
DA:106,0
DA:107,0
DA:108,0
DA:109,0
DA:110,0
DA:111,0
DA:112,0
DA:113,0
DA:114,0
DA:115,0
DA:117,0
DA:119,0
DA:120,0
DA:126,0
DA:127,0
DA:128,0
DA:129,0
DA:130,0
DA:131,0
DA:137,0
DA:138,0
DA:139,0
DA:140,0
DA:145,0
DA:146,0
DA:151,0
DA:152,0
DA:160,0
DA:167,0
DA:171,0
DA:172,0
DA:176,0
DA:177,0
LF:71
LH:0
BRDA:58,0,0,0
BRDA:58,0,1,0
BRDA:61,1,0,0
BRDA:61,1,1,0
BRDA:64,2,0,0
BRDA:64,2,1,0
BRDA:78,3,0,0
BRDA:78,3,1,0
BRDA:81,4,0,0
BRDA:81,4,1,0
BRDA:104,5,0,0
BRDA:104,5,1,0
BRDA:104,6,0,0
BRDA:104,6,1,0
BRDA:112,7,0,0
BRDA:112,7,1,0
BRDA:117,8,0,0
BRDA:117,8,1,0
BRDA:126,9,0,0
BRDA:126,9,1,0
BRDA:130,10,0,0
BRDA:130,10,1,0
BRDA:130,11,0,0
BRDA:130,11,1,0
BRDA:137,12,0,0
BRDA:137,12,1,0
BRDA:151,13,0,0
BRDA:151,13,1,0
BRF:28
BRH:0
end_of_record
TN:
SF:src\store\usePrefsStore.ts
FN:31,emit
FN:33,(anonymous_1)
FN:36,subscribe
FN:38,(anonymous_3)
FN:41,persist
FN:45,(anonymous_5)
FN:50,(anonymous_6)
FN:67,(anonymous_7)
FN:72,(anonymous_8)
FN:77,(anonymous_9)
FN:80,usePrefs
FN:81,(anonymous_11)
FNF:12
FNH:6
FNDA:10,emit
FNDA:0,(anonymous_1)
FNDA:0,subscribe
FNDA:0,(anonymous_3)
FNDA:8,persist
FNDA:0,(anonymous_5)
FNDA:2,(anonymous_6)
FNDA:4,(anonymous_7)
FNDA:4,(anonymous_8)
FNDA:6,(anonymous_9)
FNDA:0,usePrefs
FNDA:0,(anonymous_11)
DA:20,1
DA:22,1
DA:28,1
DA:29,1
DA:32,10
DA:33,10
DA:37,0
DA:38,0
DA:42,8
DA:48,1
DA:51,2
DA:52,2
DA:53,2
DA:54,1
DA:55,1
DA:56,1
DA:57,1
DA:63,2
DA:64,2
DA:68,4
DA:69,4
DA:70,4
DA:73,4
DA:74,4
DA:75,4
DA:77,6
DA:81,0
LF:27
LH:24
BRDA:53,0,0,1
BRDA:53,0,1,1
BRDA:55,1,0,1
BRDA:55,1,1,0
BRDA:56,2,0,1
BRDA:56,2,1,0
BRDA:56,3,0,1
BRDA:56,3,1,1
BRF:8
BRH:6
end_of_record
TN:
SF:src\store\useTeacherStore.ts
FN:38,(anonymous_0)
FN:55,(anonymous_1)
FN:67,(anonymous_2)
FN:79,(anonymous_3)
FN:93,(anonymous_4)
FN:101,(anonymous_5)
FN:102,(anonymous_6)
FN:117,(anonymous_7)
FN:121,(anonymous_8)
FN:121,(anonymous_9)
FN:128,(anonymous_10)
FN:138,(anonymous_11)
FN:153,(anonymous_12)
FN:158,(anonymous_13)
FN:176,(anonymous_14)
FNF:15
FNH:0
FNDA:0,(anonymous_0)
FNDA:0,(anonymous_1)
FNDA:0,(anonymous_2)
FNDA:0,(anonymous_3)
FNDA:0,(anonymous_4)
FNDA:0,(anonymous_5)
FNDA:0,(anonymous_6)
FNDA:0,(anonymous_7)
FNDA:0,(anonymous_8)
FNDA:0,(anonymous_9)
FNDA:0,(anonymous_10)
FNDA:0,(anonymous_11)
FNDA:0,(anonymous_12)
FNDA:0,(anonymous_13)
FNDA:0,(anonymous_14)
DA:38,0
DA:56,0
DA:57,0
DA:58,0
DA:59,0
DA:61,0
DA:63,0
DA:68,0
DA:69,0
DA:70,0
DA:71,0
DA:73,0
DA:75,0
DA:80,0
DA:81,0
DA:82,0
DA:86,0
DA:87,0
DA:89,0
DA:94,0
DA:95,0
DA:96,0
DA:101,0
DA:103,0
DA:108,0
DA:109,0
DA:111,0
DA:113,0
DA:118,0
DA:119,0
DA:120,0
DA:121,0
DA:122,0
DA:124,0
DA:129,0
DA:130,0
DA:131,0
DA:132,0
DA:134,0
DA:139,0
DA:140,0
DA:141,0
DA:142,0
DA:146,0
DA:151,0
DA:153,0
DA:155,0
DA:156,0
DA:157,0
DA:158,0
DA:161,0
DA:168,0
DA:170,0
DA:172,0
DA:177,0
LF:55
LH:0
BRDA:99,0,0,0
BRDA:99,0,1,0
BRDA:103,1,0,0
BRDA:103,1,1,0
BRDA:111,2,0,0
BRDA:111,2,1,0
BRDA:146,3,0,0
BRDA:146,3,1,0
BRDA:146,3,2,0
BRDA:146,3,3,0
BRDA:149,4,0,0
BRDA:149,4,1,0
BRDA:155,5,0,0
BRDA:155,5,1,0
BRDA:155,5,2,0
BRDA:155,5,3,0
BRDA:155,5,4,0
BRDA:156,6,0,0
BRDA:156,6,1,0
BRDA:158,7,0,0
BRDA:158,7,1,0
BRDA:158,7,2,0
BRDA:162,8,0,0
BRDA:162,8,1,0
BRDA:162,8,2,0
BRDA:162,8,3,0
BRDA:164,9,0,0
BRDA:164,9,1,0
BRF:28
BRH:0
end_of_record
TN:
SF:src\store\useTutorialStore.ts
FN:21,emit
FN:23,(anonymous_1)
FN:26,subscribe
FN:28,(anonymous_3)
FN:31,persist
FN:35,(anonymous_5)
FN:39,(anonymous_6)
FN:54,(anonymous_7)
FN:60,(anonymous_8)
FN:67,(anonymous_9)
FN:70,useTutorial
FN:71,(anonymous_11)
FNF:12
FNH:0
FNDA:0,emit
FNDA:0,(anonymous_1)
FNDA:0,subscribe
FNDA:0,(anonymous_3)
FNDA:0,persist
FNDA:0,(anonymous_5)
FNDA:0,(anonymous_6)
FNDA:0,(anonymous_7)
FNDA:0,(anonymous_8)
FNDA:0,(anonymous_9)
FNDA:0,useTutorial
FNDA:0,(anonymous_11)
DA:10,0
DA:12,0
DA:18,0
DA:19,0
DA:22,0
DA:23,0
DA:27,0
DA:28,0
DA:32,0
DA:38,0
DA:40,0
DA:41,0
DA:42,0
DA:43,0
DA:44,0
DA:49,0
DA:50,0
DA:55,0
DA:56,0
DA:57,0
DA:61,0
DA:62,0
DA:63,0
DA:64,0
DA:67,0
DA:71,0
LF:26
LH:0
BRDA:42,0,0,0
BRDA:42,0,1,0
BRDA:44,1,0,0
BRDA:44,1,1,0
BRDA:55,2,0,0
BRDA:55,2,1,0
BRF:6
BRH:0
end_of_record
TN:
SF:src\theme\tokens.ts
FNF:0
FNH:0
DA:11,2
DA:54,2
DA:70,2
DA:77,2
LF:4
LH:4
BRF:0
BRH:0
end_of_record
TN:
SF:src\types\api.ts
FNF:0
FNH:0
LF:0
LH:0
BRF:0
BRH:0
end_of_record
TN:
SF:src\types\moments.ts
FNF:0
FNH:0
LF:0
LH:0
BRF:0
BRH:0
end_of_record
TN:
SF:src\types\parent.ts
FNF:0
FNH:0
LF:0
LH:0
BRF:0
BRH:0
end_of_record
TN:
SF:src\types\partner.ts
FN:32,normaliseIngestionStatus
FNF:1
FNH:0
FNDA:0,normaliseIngestionStatus
DA:33,0
DA:34,0
DA:37,0
DA:38,0
DA:39,0
LF:5
LH:0
BRDA:33,0,0,0
BRDA:33,0,1,0
BRDA:33,0,2,0
BRDA:33,0,3,0
BRDA:33,0,4,0
BRDA:33,0,5,0
BRF:6
BRH:0
end_of_record
TN:
SF:src\types\pdf.ts
FNF:0
FNH:0
LF:0
LH:0
BRF:0
BRH:0
end_of_record
TN:
SF:src\types\schedule.ts
FNF:0
FNH:0
LF:0
LH:0
BRF:0
BRH:0
end_of_record
TN:
SF:src\types\teacher.ts
FNF:0
FNH:0
LF:0
LH:0
BRF:0
BRH:0
end_of_record
TN:
SF:src\types\test.ts
FNF:0
FNH:0
LF:0
LH:0
BRF:0
BRH:0
end_of_record
TN:
SF:src\utils\parseContent.ts
FN:16,generateHistoricalSVG
FN:85,(anonymous_1)
FN:109,(anonymous_2)
FN:109,(anonymous_3)
FN:115,(anonymous_4)
FN:116,(anonymous_5)
FN:124,(anonymous_6)
FN:128,(anonymous_7)
FN:129,(anonymous_8)
FN:130,(anonymous_9)
FN:131,(anonymous_10)
FN:133,(anonymous_11)
FN:139,(anonymous_12)
FN:146,(anonymous_13)
FN:170,(anonymous_14)
FN:193,(anonymous_15)
FN:194,(anonymous_16)
FN:199,(anonymous_17)
FN:200,(anonymous_18)
FN:225,normalizeSvg
FN:249,parseContent
FN:302,(anonymous_21)
FN:308,(anonymous_22)
FN:319,(anonymous_23)
FN:351,(anonymous_24)
FN:355,(anonymous_25)
FN:367,(anonymous_26)
FNF:27
FNH:4
FNDA:4,generateHistoricalSVG
FNDA:0,(anonymous_1)
FNDA:0,(anonymous_2)
FNDA:0,(anonymous_3)
FNDA:0,(anonymous_4)
FNDA:0,(anonymous_5)
FNDA:0,(anonymous_6)
FNDA:0,(anonymous_7)
FNDA:0,(anonymous_8)
FNDA:0,(anonymous_9)
FNDA:0,(anonymous_10)
FNDA:0,(anonymous_11)
FNDA:0,(anonymous_12)
FNDA:0,(anonymous_13)
FNDA:0,(anonymous_14)
FNDA:0,(anonymous_15)
FNDA:0,(anonymous_16)
FNDA:0,(anonymous_17)
FNDA:0,(anonymous_18)
FNDA:3,normalizeSvg
FNDA:9,parseContent
FNDA:0,(anonymous_21)
FNDA:0,(anonymous_22)
FNDA:2,(anonymous_23)
FNDA:0,(anonymous_24)
FNDA:0,(anonymous_25)
FNDA:0,(anonymous_26)
DA:5,1
DA:17,4
DA:18,4
DA:20,4
DA:22,4
DA:23,4
DA:24,4
DA:25,4
DA:27,4
DA:29,4
DA:30,4
DA:31,4
DA:32,4
DA:34,4
DA:35,2
DA:36,2
DA:37,2
DA:38,2
DA:43,2
DA:44,1
DA:45,1
DA:46,1
DA:47,1
DA:48,1
DA:49,1
DA:50,1
DA:51,1
DA:55,0
DA:58,1
DA:59,0
DA:60,0
DA:62,1
DA:63,0
DA:64,0
DA:66,1
DA:67,0
DA:68,0
DA:72,1
DA:73,0
DA:74,0
DA:75,0
DA:76,1
DA:77,0
DA:78,0
DA:79,0
DA:80,0
DA:82,0
DA:83,1
DA:84,0
DA:85,0
DA:86,0
DA:87,0
DA:88,0
DA:90,0
DA:91,1
DA:92,0
DA:93,0
DA:94,0
DA:95,0
DA:97,0
DA:98,1
DA:99,0
DA:100,0
DA:101,0
DA:102,0
DA:103,0
DA:104,0
DA:106,0
DA:107,1
DA:108,0
DA:109,0
DA:110,0
DA:111,0
DA:112,0
DA:114,0
DA:115,0
DA:116,0
DA:117,0
DA:118,1
DA:119,0
DA:120,0
DA:121,1
DA:122,0
DA:123,0
DA:124,0
DA:128,0
DA:129,0
DA:130,0
DA:131,0
DA:132,0
DA:133,0
DA:134,0
DA:136,1
DA:137,0
DA:138,0
DA:139,0
DA:140,0
DA:141,0
DA:143,0
DA:144,1
DA:145,0
DA:146,0
DA:147,0
DA:148,0
DA:149,0
DA:151,0
DA:152,1
DA:153,0
DA:154,0
DA:155,0
DA:156,0
DA:157,1
DA:158,0
DA:159,0
DA:160,1
DA:161,0
DA:162,0
DA:163,0
DA:164,1
DA:165,0
DA:166,0
DA:167,0
DA:168,0
DA:169,0
DA:170,0
DA:171,0
DA:172,0
DA:173,0
DA:175,0
DA:176,1
DA:177,0
DA:178,0
DA:179,0
DA:180,0
DA:186,1
DA:187,0
DA:188,0
DA:189,0
DA:190,0
DA:191,0
DA:192,0
DA:193,0
DA:194,0
DA:195,0
DA:196,0
DA:197,0
DA:198,0
DA:199,0
DA:200,0
DA:201,0
DA:202,0
DA:203,0
DA:206,0
DA:209,4
DA:210,1
DA:213,3
DA:226,3
DA:232,3
DA:233,3
DA:234,3
DA:235,3
DA:236,2
DA:240,3
DA:244,3
DA:250,9
DA:251,8
DA:253,8
DA:255,8
DA:256,8
DA:259,8
DA:260,7
DA:261,7
DA:262,1
DA:269,7
DA:270,2
DA:271,2
DA:272,2
DA:273,2
DA:274,2
DA:290,5
DA:291,0
DA:292,0
DA:293,0
DA:294,0
DA:303,0
DA:304,0
DA:305,0
DA:306,0
DA:309,0
DA:310,0
DA:311,0
DA:316,5
DA:317,1
DA:318,1
DA:319,1
DA:320,2
DA:321,2
DA:324,1
DA:325,1
DA:331,0
DA:332,0
DA:339,0
DA:346,4
DA:347,3
DA:348,3
DA:350,3
DA:351,0
DA:352,0
DA:353,0
DA:355,0
DA:356,0
DA:357,0
DA:358,0
DA:359,0
DA:360,0
DA:361,0
DA:362,0
DA:363,0
DA:364,0
DA:366,0
DA:367,0
DA:368,0
DA:369,0
DA:370,0
DA:372,0
DA:384,3
DA:385,1
DA:386,1
DA:387,1
DA:388,1
DA:389,1
DA:390,1
DA:391,1
DA:392,1
DA:393,1
DA:394,36
DA:395,35
DA:396,36
DA:398,1
DA:399,1
DA:400,1
DA:401,1
DA:402,1
DA:406,1
DA:407,1
DA:408,0
DA:415,1
DA:422,2
DA:423,1
DA:424,1
DA:429,1
DA:430,0
DA:431,0
DA:441,1
DA:442,1
DA:443,1
DA:444,1
DA:445,1
DA:458,0
DA:459,0
DA:470,0
DA:471,0
DA:479,0
DA:482,1
DA:483,1
DA:490,7
DA:493,8
DA:494,8
DA:495,2
DA:500,6
DA:501,0
DA:508,8
LF:272
LH:123
BRDA:22,0,0,0
BRDA:22,0,1,4
BRDA:23,1,0,0
BRDA:23,1,1,4
BRDA:24,2,0,0
BRDA:24,2,1,4
BRDA:24,3,0,4
BRDA:24,3,1,4
BRDA:25,4,0,0
BRDA:25,4,1,4
BRDA:34,5,0,2
BRDA:34,5,1,2
BRDA:35,6,0,2
BRDA:35,6,1,0
BRDA:35,7,0,2
BRDA:35,7,1,0
BRDA:41,8,0,2
BRDA:41,8,1,0
BRDA:43,9,0,1
BRDA:43,9,1,1
BRDA:44,10,0,1
BRDA:44,10,1,0
BRDA:45,11,0,1
BRDA:45,11,1,1
BRDA:45,12,0,1
BRDA:45,12,1,0
BRDA:48,13,0,1
BRDA:48,13,1,0
BRDA:49,14,0,1
BRDA:49,14,1,0
BRDA:49,15,0,1
BRDA:49,15,1,0
BRDA:50,16,0,1
BRDA:50,16,1,0
BRDA:58,17,0,0
BRDA:58,17,1,1
BRDA:61,18,0,0
BRDA:61,18,1,0
BRDA:62,19,0,0
BRDA:62,19,1,1
BRDA:66,20,0,0
BRDA:66,20,1,1
BRDA:67,21,0,0
BRDA:67,21,1,0
BRDA:68,22,0,0
BRDA:68,22,1,0
BRDA:72,23,0,0
BRDA:72,23,1,1
BRDA:73,24,0,0
BRDA:73,24,1,0
BRDA:73,25,0,0
BRDA:73,25,1,0
BRDA:73,26,0,0
BRDA:73,26,1,0
BRDA:76,27,0,0
BRDA:76,27,1,1
BRDA:77,28,0,0
BRDA:77,28,1,0
BRDA:77,29,0,0
BRDA:77,29,1,0
BRDA:80,30,0,0
BRDA:80,30,1,0
BRDA:83,31,0,0
BRDA:83,31,1,1
BRDA:83,32,0,1
BRDA:83,32,1,1
BRDA:84,33,0,0
BRDA:84,33,1,0
BRDA:87,34,0,0
BRDA:87,34,1,0
BRDA:91,35,0,0
BRDA:91,35,1,1
BRDA:92,36,0,0
BRDA:92,36,1,0
BRDA:92,37,0,0
BRDA:92,37,1,0
BRDA:98,38,0,0
BRDA:98,38,1,1
BRDA:99,39,0,0
BRDA:99,39,1,0
BRDA:99,40,0,0
BRDA:99,40,1,0
BRDA:104,41,0,0
BRDA:104,41,1,0
BRDA:104,42,0,0
BRDA:104,42,1,0
BRDA:107,43,0,0
BRDA:107,43,1,1
BRDA:108,44,0,0
BRDA:108,44,1,0
BRDA:108,45,0,0
BRDA:108,45,1,0
BRDA:118,46,0,0
BRDA:118,46,1,1
BRDA:118,47,0,1
BRDA:118,47,1,1
BRDA:119,48,0,0
BRDA:119,48,1,0
BRDA:119,49,0,0
BRDA:119,49,1,0
BRDA:121,50,0,0
BRDA:121,50,1,1
BRDA:122,51,0,0
BRDA:122,51,1,0
BRDA:123,52,0,0
BRDA:123,52,1,0
BRDA:125,53,0,0
BRDA:125,53,1,0
BRDA:125,54,0,0
BRDA:125,54,1,0
BRDA:126,55,0,0
BRDA:126,55,1,0
BRDA:126,56,0,0
BRDA:126,56,1,0
BRDA:136,57,0,0
BRDA:136,57,1,1
BRDA:137,58,0,0
BRDA:137,58,1,0
BRDA:137,59,0,0
BRDA:137,59,1,0
BRDA:144,60,0,0
BRDA:144,60,1,1
BRDA:147,61,0,0
BRDA:147,61,1,0
BRDA:152,62,0,0
BRDA:152,62,1,1
BRDA:153,63,0,0
BRDA:153,63,1,0
BRDA:154,64,0,0
BRDA:154,64,1,0
BRDA:157,65,0,0
BRDA:157,65,1,1
BRDA:160,66,0,0
BRDA:160,66,1,1
BRDA:161,67,0,0
BRDA:161,67,1,0
BRDA:164,68,0,0
BRDA:164,68,1,1
BRDA:165,69,0,0
BRDA:165,69,1,0
BRDA:166,70,0,0
BRDA:166,70,1,0
BRDA:173,71,0,0
BRDA:173,71,1,0
BRDA:176,72,0,0
BRDA:176,72,1,1
BRDA:177,73,0,0
BRDA:177,73,1,0
BRDA:183,74,0,0
BRDA:183,74,1,0
BRDA:184,75,0,0
BRDA:184,75,1,0
BRDA:185,76,0,0
BRDA:185,76,1,0
BRDA:186,77,0,0
BRDA:186,77,1,1
BRDA:187,78,0,0
BRDA:187,78,1,0
BRDA:188,79,0,0
BRDA:188,79,1,0
BRDA:192,80,0,0
BRDA:192,80,1,0
BRDA:197,81,0,0
BRDA:197,81,1,0
BRDA:198,82,0,0
BRDA:198,82,1,0
BRDA:203,83,0,0
BRDA:203,83,1,0
BRDA:209,84,0,1
BRDA:209,84,1,3
BRDA:221,85,0,2
BRDA:221,85,1,1
BRDA:232,86,0,3
BRDA:232,86,1,0
BRDA:235,87,0,2
BRDA:235,87,1,1
BRDA:235,88,0,3
BRDA:235,88,1,2
BRDA:250,89,0,1
BRDA:250,89,1,8
BRDA:261,90,0,1
BRDA:261,90,1,6
BRDA:269,91,0,2
BRDA:269,91,1,5
BRDA:269,92,0,7
BRDA:269,92,1,2
BRDA:277,93,0,2
BRDA:277,93,1,1
BRDA:281,94,0,2
BRDA:281,94,1,2
BRDA:286,95,0,2
BRDA:286,95,1,2
BRDA:290,96,0,0
BRDA:290,96,1,5
BRDA:301,97,0,0
BRDA:301,97,1,0
BRDA:302,98,0,0
BRDA:302,98,1,0
BRDA:305,99,0,0
BRDA:305,99,1,0
BRDA:308,100,0,0
BRDA:308,100,1,0
BRDA:313,101,0,0
BRDA:313,101,1,0
BRDA:316,102,0,1
BRDA:316,102,1,4
BRDA:318,103,0,1
BRDA:318,103,1,0
BRDA:321,104,0,2
BRDA:321,104,1,0
BRDA:324,105,0,1
BRDA:324,105,1,0
BRDA:329,106,0,1
BRDA:329,106,1,0
BRDA:331,107,0,0
BRDA:331,107,1,0
BRDA:331,108,0,0
BRDA:331,108,1,0
BRDA:336,109,0,0
BRDA:336,109,1,0
BRDA:343,110,0,0
BRDA:343,110,1,0
BRDA:346,111,0,3
BRDA:346,111,1,1
BRDA:350,112,0,0
BRDA:350,112,1,3
BRDA:353,113,0,0
BRDA:353,113,1,0
BRDA:357,114,0,0
BRDA:357,114,1,0
BRDA:359,115,0,0
BRDA:359,115,1,0
BRDA:363,116,0,0
BRDA:363,116,1,0
BRDA:364,117,0,0
BRDA:364,117,1,0
BRDA:364,118,0,0
BRDA:364,118,1,0
BRDA:369,119,0,0
BRDA:369,119,1,0
BRDA:369,120,0,0
BRDA:369,120,1,0
BRDA:369,120,2,0
BRDA:375,121,0,0
BRDA:375,121,1,0
BRDA:384,122,0,1
BRDA:384,122,1,2
BRDA:388,123,0,1
BRDA:388,123,1,0
BRDA:390,124,0,1
BRDA:390,124,1,0
BRDA:394,125,0,1
BRDA:394,125,1,35
BRDA:395,126,0,1
BRDA:395,126,1,34
BRDA:396,127,0,1
BRDA:396,127,1,35
BRDA:400,128,0,0
BRDA:400,128,1,1
BRDA:401,129,0,0
BRDA:401,129,1,1
BRDA:401,130,0,1
BRDA:401,130,1,0
BRDA:406,131,0,1
BRDA:406,131,1,0
BRDA:407,132,0,0
BRDA:407,132,1,1
BRDA:411,133,0,0
BRDA:411,133,1,0
BRDA:422,134,0,1
BRDA:422,134,1,1
BRDA:427,135,0,1
BRDA:427,135,1,0
BRDA:429,136,0,0
BRDA:429,136,1,1
BRDA:430,137,0,0
BRDA:430,137,1,0
BRDA:438,138,0,0
BRDA:438,138,1,0
BRDA:441,139,0,1
BRDA:441,139,1,0
BRDA:444,140,0,1
BRDA:444,140,1,0
BRDA:444,141,0,1
BRDA:444,141,1,1
BRDA:446,142,0,1
BRDA:446,142,1,0
BRDA:458,143,0,0
BRDA:458,143,1,0
BRDA:460,144,0,0
BRDA:460,144,1,0
BRDA:462,145,0,0
BRDA:462,145,1,0
BRDA:470,146,0,0
BRDA:470,146,1,0
BRDA:472,147,0,0
BRDA:472,147,1,0
BRDA:474,148,0,0
BRDA:474,148,1,0
BRDA:482,149,0,1
BRDA:482,149,1,0
BRDA:494,150,0,2
BRDA:494,150,1,6
BRDA:500,151,0,0
BRDA:500,151,1,6
BRDA:500,152,0,6
BRDA:500,152,1,0
BRF:307
BRH:106
end_of_record
TN:
SF:src\utils\session.ts
FN:12,isVoiceSession
FN:32,buildSessionRoute
FNF:2
FNH:2
FNDA:10,isVoiceSession
FNDA:3,buildSessionRoute
DA:13,10
DA:14,8
DA:37,3
LF:3
LH:3
BRDA:13,0,0,2
BRDA:13,0,1,8
BRDA:14,1,0,8
BRDA:14,1,1,6
BRDA:14,1,2,5
BRDA:34,2,0,2
BRDA:35,3,0,2
BRDA:38,4,0,1
BRDA:38,4,1,2
BRDA:41,5,0,3
BRDA:41,5,1,1
BRDA:42,6,0,3
BRDA:42,6,1,1
BRDA:43,7,0,1
BRDA:43,7,1,2
BRF:15
BRH:15
end_of_record
